{"logTime": "0922/060358", "correlationVector":"IYh3WvCCBFgN4LnIklh7Qx.15","action":"GetUpdates", "result":"DeleteReceived", "context":{"id":"dd7e84db-079b-4aa2-b574-a0acad7ce7d4", "isDeleted:":"true", "version":"1685958223671"}}
{"logTime": "0922/060358", "correlationVector":"IYh3WvCCBFgN4LnIklh7Qx.16","action":"GetUpdates", "result":"DeleteReceived", "context":{"id":"b564ed18-3b74-41d5-a8b7-41918402b49f", "isDeleted:":"true", "version":"1685958813830"}}
{"logTime": "0922/060358", "correlationVector":"IYh3WvCCBFgN4LnIklh7Qx.17","action":"GetUpdates", "result":"DeleteReceived", "context":{"id":"4d174538-3192-4ed3-8209-7837a01b6266", "isDeleted:":"true", "version":"1686024338435"}}
{"logTime": "0922/060358", "correlationVector":"IYh3WvCCBFgN4LnIklh7Qx.18","action":"GetUpdates", "result":"DeleteReceived", "context":{"id":"f9eef6ff-d4c1-4969-8206-2f6ce507069b", "isDeleted:":"true", "version":"1686024766643"}}
{"logTime": "0922/060358", "correlationVector":"IYh3WvCCBFgN4LnIklh7Qx.19","action":"GetUpdates", "result":"DeleteReceived", "context":{"id":"df19d6ba-52ed-4b29-83d5-bd7cd60e406b", "isDeleted:":"true", "version":"1691228294606"}}
{"logTime": "0922/060358", "correlationVector":"IYh3WvCCBFgN4LnIklh7Qx.20","action":"GetUpdates", "result":"DeleteReceived", "context":{"id":"d4d5a10c-f5de-440b-874f-e3686b74b4e5", "isDeleted:":"true", "version":"1691830374642"}}
{"logTime": "0922/060358", "correlationVector":"IYh3WvCCBFgN4LnIklh7Qx.21","action":"GetUpdates", "result":"DeleteReceived", "context":{"id":"4414f23a-ce15-48d8-b427-ebe6de3febfe", "isDeleted:":"true", "version":"1691844028901"}}
{"logTime": "0922/060358", "correlationVector":"IYh3WvCCBFgN4LnIklh7Qx.22","action":"GetUpdates", "result":"DeleteReceived", "context":{"id":"e58e8ddf-a1c4-448e-913c-3ca746fea1f2", "isDeleted:":"true", "version":"1691848030382"}}
{"logTime": "0922/060358", "correlationVector":"IYh3WvCCBFgN4LnIklh7Qx.23","action":"GetUpdates Response", "result":"SERVER_MORE_TO_DOWNLOAD", "context":Received 250 update(s).  Some updates remain.}
{"logTime": "0922/060358", "correlationVector":"81rUWCWIBRmmKQdVgd00Wh","action":"Initial GetUpdates", "result":"", "context":Reason: NEWLY_SUPPORTED_DATATYPE. cV=81rUWCWIBRmmKQdVgd00Wh}
{"logTime": "0922/060358", "correlationVector":"81rUWCWIBRmmKQdVgd00Wh.1","action":"SyncServerConnectionManagerRequest", "result":"SYNC_SERVER_OK", "context":{"environment":"Prod_SoutheastAsia_000j", "migrationStage":"NotStarted", "server":"GENERAL01000004"}}
{"logTime": "0922/060358", "correlationVector":"81rUWCWIBRmmKQdVgd00Wh.2","action":"GetUpdates", "result":"DeleteReceived", "context":{"id":"b8c7a686-d7f3-48ab-85fe-4df16e07233f", "isDeleted:":"true", "version":"1694521168522"}}
{"logTime": "0922/060358", "correlationVector":"81rUWCWIBRmmKQdVgd00Wh.3","action":"GetUpdates", "result":"DeleteReceived", "context":{"id":"bccbb59d-8607-4e7d-a58d-95c524588c86", "isDeleted:":"true", "version":"1694611556962"}}
{"logTime": "0922/060358", "correlationVector":"81rUWCWIBRmmKQdVgd00Wh.4","action":"GetUpdates Response", "result":"SYNCER_OK", "context":Received 9 update(s). cV=81rUWCWIBRmmKQdVgd00Wh.0;server=GENERAL01000004;cloudType=Consumer;environment=Prod_SoutheastAsia_000j;migrationStage=NotStarted}
{"logTime": "0922/060358", "correlationVector":"FrSfX5zg2oyob5eV6FcYta","action":"SyncServerConnectionManagerRequest", "result":"SYNC_SERVER_OK", "context":{"environment":"", "migrationStage":"", "server":""}}
{"logTime": "0922/060359", "correlationVector":"noVt6dNcf5wXRhx2kU8S8s","action":"Normal GetUpdate request", "result":"", "context":cV=noVt6dNcf5wXRhx2kU8S8s
Nudged types: Sessions, Device Info, User Consents
Refresh requested types: Bookmarks, Preferences, Passwords, Autofill Profiles, Autofill, Autofill Custom Data, Typed URLs, Extensions, Sessions, Extension settings, History Delete Directives, Device Info, User Consents, Send Tab To Self, Web Apps, Collection, Edge E Drop, Edge Hub App Usage, Edge Wallet, Encryption Keys}
{"logTime": "0922/060359", "correlationVector":"noVt6dNcf5wXRhx2kU8S8s.1","action":"SyncServerConnectionManagerRequest", "result":"SYNC_SERVER_OK", "context":{"environment":"Prod_SoutheastAsia_000j", "migrationStage":"NotStarted", "server":"GENERAL0100000C"}}
{"logTime": "0922/060359", "correlationVector":"noVt6dNcf5wXRhx2kU8S8s.2","action":"GetUpdates", "result":"DeleteReceived", "context":{"id":"095f4283-34c4-4878-954b-981048de369a", "isDeleted:":"true", "version":"1695042029944"}}
{"logTime": "0922/060359", "correlationVector":"noVt6dNcf5wXRhx2kU8S8s.3","action":"GetUpdates", "result":"DeleteReceived", "context":{"id":"2199c5f2-c795-4206-916b-7403904df5fd", "isDeleted:":"true", "version":"1695042033466"}}
{"logTime": "0922/060359", "correlationVector":"noVt6dNcf5wXRhx2kU8S8s.4","action":"GetUpdates", "result":"DeleteReceived", "context":{"id":"20ae413e-926e-4b0f-bfcb-471079857dae", "isDeleted:":"true", "version":"1695042036248"}}
{"logTime": "0922/060359", "correlationVector":"noVt6dNcf5wXRhx2kU8S8s.5","action":"GetUpdates", "result":"DeleteReceived", "context":{"id":"d50277e6-c4ec-4cc4-9d99-7a2859ae93f5", "isDeleted:":"true", "version":"1695042039524"}}
{"logTime": "0922/060359", "correlationVector":"noVt6dNcf5wXRhx2kU8S8s.6","action":"GetUpdates", "result":"DeleteReceived", "context":{"id":"de3aef61-0b46-40dc-ac7b-d44287f40fb3", "isDeleted:":"true", "version":"1695180020848"}}
{"logTime": "0922/060359", "correlationVector":"noVt6dNcf5wXRhx2kU8S8s.7","action":"GetUpdates", "result":"DeleteReceived", "context":{"id":"1b73dc1b-29c1-4a1a-81ca-fd544b16b2a9", "isDeleted:":"true", "version":"1695180020849"}}
{"logTime": "0922/060359", "correlationVector":"noVt6dNcf5wXRhx2kU8S8s.8","action":"GetUpdates", "result":"DeleteReceived", "context":{"id":"a71254cd-63c4-4fa7-bafa-841995550738", "isDeleted:":"true", "version":"1695180024246"}}
{"logTime": "0922/060359", "correlationVector":"noVt6dNcf5wXRhx2kU8S8s.9","action":"GetUpdates", "result":"DeleteReceived", "context":{"id":"c187c848-9ec5-4518-8693-a698fdc9875e", "isDeleted:":"true", "version":"1695181493890"}}
{"logTime": "0922/060359", "correlationVector":"noVt6dNcf5wXRhx2kU8S8s.10","action":"GetUpdates", "result":"DeleteReceived", "context":{"id":"d1513375-07f7-45a0-8ad6-ddba9a5d4739", "isDeleted:":"true", "version":"1695134407465"}}
{"logTime": "0922/060359", "correlationVector":"noVt6dNcf5wXRhx2kU8S8s.11","action":"GetUpdates", "result":"DeleteReceived", "context":{"id":"2229ba53-9028-47ca-b950-02700a8c761a", "isDeleted:":"true", "version":"1695134401909"}}
{"logTime": "0922/060359", "correlationVector":"noVt6dNcf5wXRhx2kU8S8s.12","action":"GetUpdates", "result":"DeleteReceived", "context":{"id":"4bd59c34-31d5-40a1-b019-596bd2803047", "isDeleted:":"true", "version":"1695025494037"}}
{"logTime": "0922/060359", "correlationVector":"noVt6dNcf5wXRhx2kU8S8s.13","action":"GetUpdates", "result":"DeleteReceived", "context":{"id":"d55acbb1-dbc9-4690-8b3b-ab1aa31a367f", "isDeleted:":"true", "version":"1695030679793"}}
{"logTime": "0922/060400", "correlationVector":"noVt6dNcf5wXRhx2kU8S8s.14","action":"GetUpdates", "result":"DeleteReceived", "context":{"id":"7906647f-2de8-4089-8adc-e2ff06f62c05", "isDeleted:":"true", "version":"1695030679795"}}
{"logTime": "0922/060400", "correlationVector":"noVt6dNcf5wXRhx2kU8S8s.15","action":"GetUpdates", "result":"DeleteReceived", "context":{"id":"4b9ae4db-51e5-45b7-a05f-c51d029298ae", "isDeleted:":"true", "version":"1695030679796"}}
{"logTime": "0922/060400", "correlationVector":"noVt6dNcf5wXRhx2kU8S8s.16","action":"GetUpdates", "result":"DeleteReceived", "context":{"id":"04d07869-bddf-41aa-8f6d-c5bfe215bd1a", "isDeleted:":"true", "version":"1695030679798"}}
{"logTime": "0922/060400", "correlationVector":"noVt6dNcf5wXRhx2kU8S8s.17","action":"GetUpdates", "result":"DeleteReceived", "context":{"id":"a14e9b31-8fd9-479a-a1bb-2cdcf46890df", "isDeleted:":"true", "version":"1695030679799"}}
{"logTime": "0922/060400", "correlationVector":"noVt6dNcf5wXRhx2kU8S8s.18","action":"GetUpdates", "result":"DeleteReceived", "context":{"id":"58fdb381-14aa-480a-93f7-c804488ca94f", "isDeleted:":"true", "version":"1695030679801"}}
{"logTime": "0922/060400", "correlationVector":"noVt6dNcf5wXRhx2kU8S8s.19","action":"GetUpdates", "result":"DeleteReceived", "context":{"id":"54497154-edcd-4ebd-b320-d14805469123", "isDeleted:":"true", "version":"1695030679802"}}
{"logTime": "0922/060400", "correlationVector":"noVt6dNcf5wXRhx2kU8S8s.20","action":"GetUpdates", "result":"DeleteReceived", "context":{"id":"44e8413a-f63a-4f33-93a6-ef31f5c5be5c", "isDeleted:":"true", "version":"1695030679805"}}
{"logTime": "0922/060400", "correlationVector":"noVt6dNcf5wXRhx2kU8S8s.21","action":"GetUpdates", "result":"DeleteReceived", "context":{"id":"021a49d6-f798-4d5c-967c-d338739ff345", "isDeleted:":"true", "version":"1695030679808"}}
{"logTime": "0922/060400", "correlationVector":"noVt6dNcf5wXRhx2kU8S8s.22","action":"GetUpdates", "result":"DeleteReceived", "context":{"id":"c3978340-5ee2-48e1-9371-17e462586d8a", "isDeleted:":"true", "version":"1695030679809"}}
{"logTime": "0922/060400", "correlationVector":"noVt6dNcf5wXRhx2kU8S8s.23","action":"GetUpdates", "result":"DeleteReceived", "context":{"id":"7d7c972c-2819-46a4-8332-5d0c9eb5094f", "isDeleted:":"true", "version":"1695030680806"}}
{"logTime": "0922/060400", "correlationVector":"noVt6dNcf5wXRhx2kU8S8s.24","action":"GetUpdates", "result":"DeleteReceived", "context":{"id":"d044b7ec-9648-4521-9474-ca76253c2ed2", "isDeleted:":"true", "version":"1695030680809"}}
{"logTime": "0922/060400", "correlationVector":"noVt6dNcf5wXRhx2kU8S8s.25","action":"GetUpdates", "result":"DeleteReceived", "context":{"id":"3ee825d3-50de-4c1a-9e3a-d77af8e63a27", "isDeleted:":"true", "version":"1695038326540"}}
{"logTime": "0922/060400", "correlationVector":"noVt6dNcf5wXRhx2kU8S8s.26","action":"GetUpdates", "result":"DeleteReceived", "context":{"id":"44c65048-691b-4200-b7e5-ede13a69df11", "isDeleted:":"true", "version":"1695038940984"}}
{"logTime": "0922/060400", "correlationVector":"noVt6dNcf5wXRhx2kU8S8s.27","action":"GetUpdates", "result":"DeleteReceived", "context":{"id":"49dd8e39-35f7-4058-a30d-b3118749085b", "isDeleted:":"true", "version":"1695038976893"}}
{"logTime": "0922/060400", "correlationVector":"noVt6dNcf5wXRhx2kU8S8s.28","action":"GetUpdates", "result":"DeleteReceived", "context":{"id":"8385f6a1-45f0-4b0c-9e3e-8667a87add02", "isDeleted:":"true", "version":"1695039653139"}}
{"logTime": "0922/060400", "correlationVector":"noVt6dNcf5wXRhx2kU8S8s.29","action":"GetUpdates", "result":"DeleteReceived", "context":{"id":"3b5655e3-5dfd-4df2-a907-889d9d572b51", "isDeleted:":"true", "version":"1695039807251"}}
{"logTime": "0922/060400", "correlationVector":"noVt6dNcf5wXRhx2kU8S8s.30","action":"GetUpdates", "result":"DeleteReceived", "context":{"id":"cbb6580b-c0e1-4e18-9795-5906948db26e", "isDeleted:":"true", "version":"1695039807253"}}
{"logTime": "0922/060400", "correlationVector":"noVt6dNcf5wXRhx2kU8S8s.31","action":"GetUpdates", "result":"DeleteReceived", "context":{"id":"2f0256a0-2006-41a9-8113-8df4921b3241", "isDeleted:":"true", "version":"1695040205800"}}
{"logTime": "0922/060400", "correlationVector":"noVt6dNcf5wXRhx2kU8S8s.32","action":"GetUpdates", "result":"DeleteReceived", "context":{"id":"48affec5-c970-4867-a28f-d32c734b28f4", "isDeleted:":"true", "version":"1695040236420"}}
{"logTime": "0922/060400", "correlationVector":"noVt6dNcf5wXRhx2kU8S8s.33","action":"GetUpdates", "result":"DeleteReceived", "context":{"id":"f7bcaa9b-b572-457f-9b31-edcaf3257eed", "isDeleted:":"true", "version":"1695040236422"}}
{"logTime": "0922/060400", "correlationVector":"noVt6dNcf5wXRhx2kU8S8s.34","action":"GetUpdates", "result":"DeleteReceived", "context":{"id":"97d3fdba-b284-4819-b90e-e32df3478dcb", "isDeleted:":"true", "version":"1695040470842"}}
{"logTime": "0922/060400", "correlationVector":"noVt6dNcf5wXRhx2kU8S8s.35","action":"GetUpdates", "result":"DeleteReceived", "context":{"id":"e2fb2fd2-2dde-43c3-b37b-f24e3ee4bd9b", "isDeleted:":"true", "version":"1695040765573"}}
{"logTime": "0922/060400", "correlationVector":"noVt6dNcf5wXRhx2kU8S8s.36","action":"GetUpdates", "result":"DeleteReceived", "context":{"id":"e5cc958d-091a-49e0-8783-b4ae4596ceac", "isDeleted:":"true", "version":"1695040765574"}}
{"logTime": "0922/060400", "correlationVector":"noVt6dNcf5wXRhx2kU8S8s.37","action":"GetUpdates", "result":"DeleteReceived", "context":{"id":"b58e55bc-f209-4034-9ea7-93454d363496", "isDeleted:":"true", "version":"1695040899876"}}
{"logTime": "0922/060400", "correlationVector":"noVt6dNcf5wXRhx2kU8S8s.38","action":"GetUpdates", "result":"DeleteReceived", "context":{"id":"0b3a79ce-af0b-4a81-a2d5-99c78b01907c", "isDeleted:":"true", "version":"1695040899878"}}
{"logTime": "0922/060400", "correlationVector":"noVt6dNcf5wXRhx2kU8S8s.39","action":"GetUpdates", "result":"DeleteReceived", "context":{"id":"cf348f44-3ff6-4a05-8f6a-684057dc9f24", "isDeleted:":"true", "version":"1695040977571"}}
{"logTime": "0922/060400", "correlationVector":"noVt6dNcf5wXRhx2kU8S8s.40","action":"GetUpdates", "result":"DeleteReceived", "context":{"id":"221a1f33-0692-4abc-a15e-bf0b12c2bdb5", "isDeleted:":"true", "version":"1695041023655"}}
{"logTime": "0922/060400", "correlationVector":"noVt6dNcf5wXRhx2kU8S8s.41","action":"GetUpdates", "result":"DeleteReceived", "context":{"id":"3221d3ff-6117-4e8e-83c9-9b4370f852f4", "isDeleted:":"true", "version":"1695041023657"}}
{"logTime": "0922/060400", "correlationVector":"noVt6dNcf5wXRhx2kU8S8s.42","action":"GetUpdates", "result":"DeleteReceived", "context":{"id":"7f2248fd-4e72-4709-8572-88254b1b979b", "isDeleted:":"true", "version":"1695041102413"}}
{"logTime": "0922/060400", "correlationVector":"noVt6dNcf5wXRhx2kU8S8s.43","action":"GetUpdates", "result":"DeleteReceived", "context":{"id":"b2382b0b-eb1a-48bd-91ad-7e3bafc6d7d8", "isDeleted:":"true", "version":"1695041102414"}}
{"logTime": "0922/060400", "correlationVector":"noVt6dNcf5wXRhx2kU8S8s.44","action":"GetUpdates", "result":"DeleteReceived", "context":{"id":"182062af-7b1e-4816-b7df-d231c7cb8cd8", "isDeleted:":"true", "version":"1695041559016"}}
{"logTime": "0922/060400", "correlationVector":"noVt6dNcf5wXRhx2kU8S8s.45","action":"GetUpdates", "result":"DeleteReceived", "context":{"id":"023d6847-8ff5-43ea-80b8-ff4908fd8724", "isDeleted:":"true", "version":"1695041596179"}}
{"logTime": "0922/060400", "correlationVector":"noVt6dNcf5wXRhx2kU8S8s.46","action":"GetUpdates", "result":"DeleteReceived", "context":{"id":"ba43fba8-bf11-4b0e-a34f-16509e5bed06", "isDeleted:":"true", "version":"1695041596181"}}
{"logTime": "0922/060400", "correlationVector":"noVt6dNcf5wXRhx2kU8S8s.47","action":"GetUpdates", "result":"DeleteReceived", "context":{"id":"c0226793-62b2-472b-88d1-e4fac4f8a9d2", "isDeleted:":"true", "version":"1695041628125"}}
{"logTime": "0922/060400", "correlationVector":"noVt6dNcf5wXRhx2kU8S8s.48","action":"GetUpdates", "result":"DeleteReceived", "context":{"id":"fe9a94ef-6bcf-4c47-8907-9ca412f55ce6", "isDeleted:":"true", "version":"1695041801040"}}
{"logTime": "0922/060400", "correlationVector":"noVt6dNcf5wXRhx2kU8S8s.49","action":"GetUpdates", "result":"DeleteReceived", "context":{"id":"574b4b23-f5f4-41f8-b3bb-234d34ca63fa", "isDeleted:":"true", "version":"1695041872125"}}
{"logTime": "0922/060400", "correlationVector":"noVt6dNcf5wXRhx2kU8S8s.50","action":"GetUpdates", "result":"DeleteReceived", "context":{"id":"4dfb5d6d-4277-41de-90e1-72f29612fc61", "isDeleted:":"true", "version":"1695041922659"}}
{"logTime": "0922/060400", "correlationVector":"noVt6dNcf5wXRhx2kU8S8s.51","action":"GetUpdates", "result":"DeleteReceived", "context":{"id":"00ee239c-9a1a-46ec-9513-9d9af1870cac", "isDeleted:":"true", "version":"1695041993979"}}
{"logTime": "0922/060400", "correlationVector":"noVt6dNcf5wXRhx2kU8S8s.52","action":"GetUpdates", "result":"DeleteReceived", "context":{"id":"2409451f-ebfa-4285-9afe-2e05e7147ea0", "isDeleted:":"true", "version":"1695042273605"}}
{"logTime": "0922/060400", "correlationVector":"noVt6dNcf5wXRhx2kU8S8s.53","action":"GetUpdates", "result":"DeleteReceived", "context":{"id":"f597e5b3-3160-4c39-9e91-b9827c91f063", "isDeleted:":"true", "version":"1695042273607"}}
{"logTime": "0922/060400", "correlationVector":"noVt6dNcf5wXRhx2kU8S8s.54","action":"GetUpdates", "result":"DeleteReceived", "context":{"id":"e6048553-e19a-45c2-b9d7-c9f3bb07a95d", "isDeleted:":"true", "version":"1695042273608"}}
{"logTime": "0922/060400", "correlationVector":"noVt6dNcf5wXRhx2kU8S8s.55","action":"GetUpdates", "result":"DeleteReceived", "context":{"id":"0308a9fa-4af1-4695-85cb-912b2d7ccc81", "isDeleted:":"true", "version":"1695044575857"}}
{"logTime": "0922/060400", "correlationVector":"noVt6dNcf5wXRhx2kU8S8s.56","action":"GetUpdates", "result":"DeleteReceived", "context":{"id":"387ad7ba-6042-4b35-b56d-b4f4c6a64792", "isDeleted:":"true", "version":"1695044575858"}}
{"logTime": "0922/060400", "correlationVector":"noVt6dNcf5wXRhx2kU8S8s.57","action":"GetUpdates", "result":"DeleteReceived", "context":{"id":"17803f47-0155-4200-944b-99d670b10053", "isDeleted:":"true", "version":"1695044575860"}}
{"logTime": "0922/060400", "correlationVector":"noVt6dNcf5wXRhx2kU8S8s.58","action":"GetUpdates", "result":"DeleteReceived", "context":{"id":"feae895f-53b5-4d56-9c4c-bfd6ce6f185e", "isDeleted:":"true", "version":"1695085000493"}}
{"logTime": "0922/060400", "correlationVector":"noVt6dNcf5wXRhx2kU8S8s.59","action":"GetUpdates", "result":"DeleteReceived", "context":{"id":"c2dddc28-3031-4150-8577-675918d7b586", "isDeleted:":"true", "version":"1695085000494"}}
{"logTime": "0922/060400", "correlationVector":"noVt6dNcf5wXRhx2kU8S8s.60","action":"GetUpdates", "result":"DeleteReceived", "context":{"id":"44391807-2e5c-40c2-84c0-eee2d4e41fc4", "isDeleted:":"true", "version":"1695085000496"}}
{"logTime": "0922/060400", "correlationVector":"noVt6dNcf5wXRhx2kU8S8s.61","action":"GetUpdates", "result":"DeleteReceived", "context":{"id":"e405847d-4786-4354-99af-c55d42a37200", "isDeleted:":"true", "version":"1695085000499"}}
{"logTime": "0922/060400", "correlationVector":"noVt6dNcf5wXRhx2kU8S8s.62","action":"GetUpdates", "result":"DeleteReceived", "context":{"id":"c16e0390-071a-4f96-90cb-ad60c1a6b84b", "isDeleted:":"true", "version":"1695085000501"}}
{"logTime": "0922/060400", "correlationVector":"noVt6dNcf5wXRhx2kU8S8s.63","action":"GetUpdates", "result":"DeleteReceived", "context":{"id":"e9def712-6b93-4ca1-a8b3-8dcc6a9b3625", "isDeleted:":"true", "version":"1695085000504"}}
{"logTime": "0922/060400", "correlationVector":"noVt6dNcf5wXRhx2kU8S8s.64","action":"GetUpdates", "result":"DeleteReceived", "context":{"id":"e7442e61-9cd9-4bd6-b665-92e1aef37704", "isDeleted:":"true", "version":"1695085000507"}}
{"logTime": "0922/060400", "correlationVector":"noVt6dNcf5wXRhx2kU8S8s.65","action":"GetUpdates", "result":"DeleteReceived", "context":{"id":"fc527ab3-c622-4a07-bff9-87e40a7297e5", "isDeleted:":"true", "version":"1695085000508"}}
{"logTime": "0922/060400", "correlationVector":"noVt6dNcf5wXRhx2kU8S8s.66","action":"GetUpdates", "result":"DeleteReceived", "context":{"id":"641d36fa-6c57-4e4c-8e11-2c507698d318", "isDeleted:":"true", "version":"1695085000510"}}
{"logTime": "0922/060400", "correlationVector":"noVt6dNcf5wXRhx2kU8S8s.67","action":"GetUpdates", "result":"DeleteReceived", "context":{"id":"d04712fa-cce0-4efd-a8c1-71d814354772", "isDeleted:":"true", "version":"1695085000511"}}
{"logTime": "0922/060400", "correlationVector":"noVt6dNcf5wXRhx2kU8S8s.68","action":"GetUpdates", "result":"DeleteReceived", "context":{"id":"e5c07440-8c20-4753-8248-f8c479b17904", "isDeleted:":"true", "version":"1695085001724"}}
{"logTime": "0922/060400", "correlationVector":"noVt6dNcf5wXRhx2kU8S8s.69","action":"GetUpdates", "result":"DeleteReceived", "context":{"id":"56cf4360-2752-4a80-b238-be6513fa3ba2", "isDeleted:":"true", "version":"1695085001728"}}
{"logTime": "0922/060400", "correlationVector":"noVt6dNcf5wXRhx2kU8S8s.70","action":"GetUpdates", "result":"DeleteReceived", "context":{"id":"b10d0f3a-8f79-4624-82db-ad18c612f1ef", "isDeleted:":"true", "version":"1695085001731"}}
{"logTime": "0922/060400", "correlationVector":"noVt6dNcf5wXRhx2kU8S8s.71","action":"GetUpdates", "result":"DeleteReceived", "context":{"id":"59a7248d-4649-4210-a745-f487fa532d25", "isDeleted:":"true", "version":"1695085001732"}}
{"logTime": "0922/060400", "correlationVector":"noVt6dNcf5wXRhx2kU8S8s.72","action":"GetUpdates", "result":"DeleteReceived", "context":{"id":"871a7efb-02b9-4333-9ca8-2cc4e31798da", "isDeleted:":"true", "version":"1695085001733"}}
{"logTime": "0922/060400", "correlationVector":"noVt6dNcf5wXRhx2kU8S8s.73","action":"GetUpdates", "result":"DeleteReceived", "context":{"id":"02c4f3b1-b57e-4c5d-90d1-dc116f36a642", "isDeleted:":"true", "version":"1695085001734"}}
{"logTime": "0922/060400", "correlationVector":"noVt6dNcf5wXRhx2kU8S8s.74","action":"GetUpdates", "result":"DeleteReceived", "context":{"id":"c33e8223-1d41-4a9c-9fee-0d5ce1203e23", "isDeleted:":"true", "version":"1695085465792"}}
{"logTime": "0922/060400", "correlationVector":"noVt6dNcf5wXRhx2kU8S8s.75","action":"GetUpdates", "result":"DeleteReceived", "context":{"id":"2109c9b6-d8bc-42fb-beab-030ae829dcdc", "isDeleted:":"true", "version":"1695092963559"}}
{"logTime": "0922/060400", "correlationVector":"noVt6dNcf5wXRhx2kU8S8s.76","action":"GetUpdates", "result":"DeleteReceived", "context":{"id":"3de5c369-b67f-4a47-a4eb-6399ea9bf987", "isDeleted:":"true", "version":"1695093008458"}}
{"logTime": "0922/060400", "correlationVector":"noVt6dNcf5wXRhx2kU8S8s.77","action":"GetUpdates", "result":"DeleteReceived", "context":{"id":"704f3322-fed0-4b4b-9cc9-833cdde64c4a", "isDeleted:":"true", "version":"1695093008460"}}
{"logTime": "0922/060400", "correlationVector":"noVt6dNcf5wXRhx2kU8S8s.78","action":"GetUpdates", "result":"DeleteReceived", "context":{"id":"491aa611-d6f9-4a25-8bce-712f27998c6e", "isDeleted:":"true", "version":"1695093387640"}}
{"logTime": "0922/060400", "correlationVector":"noVt6dNcf5wXRhx2kU8S8s.79","action":"GetUpdates", "result":"DeleteReceived", "context":{"id":"c1406f2a-0ac6-4898-829d-7792567d94e1", "isDeleted:":"true", "version":"1695093414948"}}
{"logTime": "0922/060400", "correlationVector":"noVt6dNcf5wXRhx2kU8S8s.80","action":"GetUpdates", "result":"DeleteReceived", "context":{"id":"984e021c-b949-4105-8652-a96c5a53011c", "isDeleted:":"true", "version":"1695093854083"}}
{"logTime": "0922/060400", "correlationVector":"noVt6dNcf5wXRhx2kU8S8s.81","action":"GetUpdates", "result":"DeleteReceived", "context":{"id":"fda44a16-97ed-4c94-b68d-60f4e85ad565", "isDeleted:":"true", "version":"1695093854084"}}
{"logTime": "0922/060400", "correlationVector":"noVt6dNcf5wXRhx2kU8S8s.82","action":"GetUpdates", "result":"DeleteReceived", "context":{"id":"e36e2ccb-ed6e-492b-8831-820f2b8cfa61", "isDeleted:":"true", "version":"1695093854086"}}
{"logTime": "0922/060400", "correlationVector":"noVt6dNcf5wXRhx2kU8S8s.83","action":"GetUpdates", "result":"DeleteReceived", "context":{"id":"de3e4d61-9b68-4d26-9b22-acb3d191da93", "isDeleted:":"true", "version":"1695093854088"}}
{"logTime": "0922/060400", "correlationVector":"noVt6dNcf5wXRhx2kU8S8s.84","action":"GetUpdates", "result":"DeleteReceived", "context":{"id":"6f389b6c-3cf3-478f-9c60-92d800bd5adc", "isDeleted:":"true", "version":"1695093854089"}}
{"logTime": "0922/060400", "correlationVector":"noVt6dNcf5wXRhx2kU8S8s.85","action":"GetUpdates", "result":"DeleteReceived", "context":{"id":"b8d69865-fb24-4c2d-928b-da412cd20e59", "isDeleted:":"true", "version":"1695093854092"}}
{"logTime": "0922/060400", "correlationVector":"noVt6dNcf5wXRhx2kU8S8s.86","action":"GetUpdates", "result":"DeleteReceived", "context":{"id":"4d67ee04-f2b0-4c93-988a-5376debd3b41", "isDeleted:":"true", "version":"1695093854095"}}
{"logTime": "0922/060400", "correlationVector":"noVt6dNcf5wXRhx2kU8S8s.87","action":"GetUpdates", "result":"DeleteReceived", "context":{"id":"7a8e2bf7-7ce1-4d72-8856-ae88fa88dec4", "isDeleted:":"true", "version":"1695093854096"}}
{"logTime": "0922/060400", "correlationVector":"noVt6dNcf5wXRhx2kU8S8s.88","action":"GetUpdates", "result":"DeleteReceived", "context":{"id":"8ce79ed8-6a36-4c66-a02f-2eda9e006721", "isDeleted:":"true", "version":"1695093854097"}}
{"logTime": "0922/060400", "correlationVector":"noVt6dNcf5wXRhx2kU8S8s.89","action":"GetUpdates", "result":"DeleteReceived", "context":{"id":"36bd5734-6e70-4143-bdff-c6d3bfe58b37", "isDeleted:":"true", "version":"1695093855105"}}
{"logTime": "0922/060400", "correlationVector":"noVt6dNcf5wXRhx2kU8S8s.90","action":"GetUpdates", "result":"DeleteReceived", "context":{"id":"bf6cc758-2358-4435-bdcf-576d143dbc71", "isDeleted:":"true", "version":"1695093855107"}}
{"logTime": "0922/060400", "correlationVector":"noVt6dNcf5wXRhx2kU8S8s.91","action":"GetUpdates", "result":"DeleteReceived", "context":{"id":"9c296c78-6336-4849-a142-4130ca1a93b0", "isDeleted:":"true", "version":"1695093855108"}}
{"logTime": "0922/060400", "correlationVector":"noVt6dNcf5wXRhx2kU8S8s.92","action":"GetUpdates", "result":"DeleteReceived", "context":{"id":"3c9e4686-58ed-4f4f-94a6-67bd9cc9adac", "isDeleted:":"true", "version":"1695093930055"}}
{"logTime": "0922/060400", "correlationVector":"noVt6dNcf5wXRhx2kU8S8s.93","action":"GetUpdates", "result":"DeleteReceived", "context":{"id":"642cb988-cb34-465c-ae99-0690ab6e1bac", "isDeleted:":"true", "version":"1695106541077"}}
{"logTime": "0922/060400", "correlationVector":"noVt6dNcf5wXRhx2kU8S8s.94","action":"GetUpdates", "result":"DeleteReceived", "context":{"id":"e6e3bfeb-5e5a-4277-9144-42824c96c2bc", "isDeleted:":"true", "version":"1695125522495"}}
{"logTime": "0922/060400", "correlationVector":"noVt6dNcf5wXRhx2kU8S8s.95","action":"GetUpdates", "result":"DeleteReceived", "context":{"id":"50ff8da9-da56-42c0-926b-bf5fe0fd55f5", "isDeleted:":"true", "version":"1695125522496"}}
{"logTime": "0922/060400", "correlationVector":"noVt6dNcf5wXRhx2kU8S8s.96","action":"GetUpdates", "result":"DeleteReceived", "context":{"id":"2470b19f-e85e-4c35-80af-be5e81be5ea8", "isDeleted:":"true", "version":"1695125522499"}}
{"logTime": "0922/060400", "correlationVector":"noVt6dNcf5wXRhx2kU8S8s.97","action":"GetUpdates", "result":"DeleteReceived", "context":{"id":"426d4ac1-9206-48e2-93e2-a242284dc2ba", "isDeleted:":"true", "version":"1695125522502"}}
{"logTime": "0922/060400", "correlationVector":"noVt6dNcf5wXRhx2kU8S8s.98","action":"GetUpdates", "result":"DeleteReceived", "context":{"id":"53bd0b34-c3a4-4cce-9edf-800680982b8c", "isDeleted:":"true", "version":"1695125522505"}}
{"logTime": "0922/060400", "correlationVector":"noVt6dNcf5wXRhx2kU8S8s.99","action":"GetUpdates", "result":"DeleteReceived", "context":{"id":"86bb3c9f-34c1-4f37-a453-3f773ae5e005", "isDeleted:":"true", "version":"1695125522506"}}
{"logTime": "0922/060400", "correlationVector":"noVt6dNcf5wXRhx2kU8S8s.100","action":"GetUpdates", "result":"DeleteReceived", "context":{"id":"142714b6-f4a8-49e3-98e3-2d4281b28dd1", "isDeleted:":"true", "version":"1695125522508"}}
{"logTime": "0922/060400", "correlationVector":"noVt6dNcf5wXRhx2kU8S8s.101","action":"GetUpdates", "result":"DeleteReceived", "context":{"id":"e9264278-8e2e-48b3-8945-8b8be7bd0652", "isDeleted:":"true", "version":"1695125522509"}}
{"logTime": "0922/060400", "correlationVector":"noVt6dNcf5wXRhx2kU8S8s.102","action":"GetUpdates", "result":"DeleteReceived", "context":{"id":"5176f620-80ad-450e-973e-7f3d0b112d42", "isDeleted:":"true", "version":"1695125522513"}}
{"logTime": "0922/060400", "correlationVector":"noVt6dNcf5wXRhx2kU8S8s.103","action":"GetUpdates", "result":"DeleteReceived", "context":{"id":"3b972e06-ad14-4381-bb55-34c5da7ffe85", "isDeleted:":"true", "version":"1695125523571"}}
{"logTime": "0922/060400", "correlationVector":"noVt6dNcf5wXRhx2kU8S8s.104","action":"GetUpdates", "result":"DeleteReceived", "context":{"id":"855f0680-ce6a-4afc-9932-8193809d2d69", "isDeleted:":"true", "version":"1695125523574"}}
{"logTime": "0922/060400", "correlationVector":"noVt6dNcf5wXRhx2kU8S8s.105","action":"GetUpdates", "result":"DeleteReceived", "context":{"id":"6f4af198-a84b-4707-9e65-e0ab204f4423", "isDeleted:":"true", "version":"1695125523575"}}
{"logTime": "0922/060400", "correlationVector":"noVt6dNcf5wXRhx2kU8S8s.106","action":"GetUpdates", "result":"DeleteReceived", "context":{"id":"b31ae6af-bf26-48f5-8b0e-d71093c1fa12", "isDeleted:":"true", "version":"1695125523576"}}
{"logTime": "0922/060400", "correlationVector":"noVt6dNcf5wXRhx2kU8S8s.107","action":"GetUpdates", "result":"DeleteReceived", "context":{"id":"c24d11b3-07c7-49a9-a386-6b48b6866b71", "isDeleted:":"true", "version":"1695125523577"}}
{"logTime": "0922/060400", "correlationVector":"noVt6dNcf5wXRhx2kU8S8s.108","action":"GetUpdates", "result":"DeleteReceived", "context":{"id":"1aeb005d-8c8a-4b63-b67c-bd51dee1fd5e", "isDeleted:":"true", "version":"1695126891451"}}
{"logTime": "0922/060400", "correlationVector":"noVt6dNcf5wXRhx2kU8S8s.109","action":"GetUpdates", "result":"DeleteReceived", "context":{"id":"c16aac7d-0842-4fa9-abe8-65fe01ec3802", "isDeleted:":"true", "version":"1695126891455"}}
{"logTime": "0922/060400", "correlationVector":"noVt6dNcf5wXRhx2kU8S8s.110","action":"GetUpdates", "result":"DeleteReceived", "context":{"id":"eb702615-2e40-4342-a7d8-055111ad8bb7", "isDeleted:":"true", "version":"1695127001575"}}
{"logTime": "0922/060400", "correlationVector":"noVt6dNcf5wXRhx2kU8S8s.111","action":"GetUpdates", "result":"DeleteReceived", "context":{"id":"ec2eeaee-684e-4b63-aca8-85b6c294d7c6", "isDeleted:":"true", "version":"1695128458425"}}
{"logTime": "0922/060400", "correlationVector":"noVt6dNcf5wXRhx2kU8S8s.112","action":"GetUpdates", "result":"DeleteReceived", "context":{"id":"5b7b42c8-ae91-449a-b4cc-6c4699c1b852", "isDeleted:":"true", "version":"1695128458428"}}
{"logTime": "0922/060400", "correlationVector":"noVt6dNcf5wXRhx2kU8S8s.113","action":"GetUpdates", "result":"DeleteReceived", "context":{"id":"654c0b65-b764-4850-87c3-b57f73ecc6ab", "isDeleted:":"true", "version":"1695129022711"}}
{"logTime": "0922/060400", "correlationVector":"noVt6dNcf5wXRhx2kU8S8s.114","action":"GetUpdates", "result":"DeleteReceived", "context":{"id":"b5afec6a-6349-44f1-969c-566f3aedeb8d", "isDeleted:":"true", "version":"1695129126078"}}
{"logTime": "0922/060400", "correlationVector":"noVt6dNcf5wXRhx2kU8S8s.115","action":"GetUpdates", "result":"DeleteReceived", "context":{"id":"915c880d-d2ab-4a30-83ea-22b254a2dde6", "isDeleted:":"true", "version":"1695129978677"}}
{"logTime": "0922/060400", "correlationVector":"noVt6dNcf5wXRhx2kU8S8s.116","action":"GetUpdates", "result":"DeleteReceived", "context":{"id":"12c7a734-d280-48e0-9f5f-6c68af4169b6", "isDeleted:":"true", "version":"1695129978678"}}
{"logTime": "0922/060400", "correlationVector":"noVt6dNcf5wXRhx2kU8S8s.117","action":"GetUpdates", "result":"DeleteReceived", "context":{"id":"b07f9c03-005b-4408-99ca-638b76d43390", "isDeleted:":"true", "version":"1695129978680"}}
{"logTime": "0922/060400", "correlationVector":"noVt6dNcf5wXRhx2kU8S8s.118","action":"GetUpdates", "result":"DeleteReceived", "context":{"id":"9f9c81f6-9d11-44a2-90b0-8f1800e75ec2", "isDeleted:":"true", "version":"1695129978681"}}
{"logTime": "0922/060400", "correlationVector":"noVt6dNcf5wXRhx2kU8S8s.119","action":"GetUpdates", "result":"DeleteReceived", "context":{"id":"22187130-9cf4-4862-bbf0-b304709a9283", "isDeleted:":"true", "version":"1695129978683"}}
{"logTime": "0922/060400", "correlationVector":"noVt6dNcf5wXRhx2kU8S8s.120","action":"GetUpdates", "result":"DeleteReceived", "context":{"id":"1314e151-f5a4-4bd7-90c2-999fe521d6fe", "isDeleted:":"true", "version":"1695129978686"}}
{"logTime": "0922/060400", "correlationVector":"noVt6dNcf5wXRhx2kU8S8s.121","action":"GetUpdates", "result":"DeleteReceived", "context":{"id":"07be778c-2643-452e-b2ad-2b6beb6b35fc", "isDeleted:":"true", "version":"1695129978687"}}
{"logTime": "0922/060400", "correlationVector":"noVt6dNcf5wXRhx2kU8S8s.122","action":"GetUpdates", "result":"DeleteReceived", "context":{"id":"2c7211cf-ca44-4589-b3dc-14e877a96921", "isDeleted:":"true", "version":"1695129978690"}}
{"logTime": "0922/060400", "correlationVector":"noVt6dNcf5wXRhx2kU8S8s.123","action":"GetUpdates", "result":"DeleteReceived", "context":{"id":"9750a86b-13f9-4561-8e10-c4577ecf7f69", "isDeleted:":"true", "version":"1695129978693"}}
{"logTime": "0922/060400", "correlationVector":"noVt6dNcf5wXRhx2kU8S8s.124","action":"GetUpdates", "result":"DeleteReceived", "context":{"id":"e1c744aa-a62b-4c77-bfb8-c5a60ec1b282", "isDeleted:":"true", "version":"1695129978694"}}
{"logTime": "0922/060400", "correlationVector":"noVt6dNcf5wXRhx2kU8S8s.125","action":"GetUpdates", "result":"DeleteReceived", "context":{"id":"ecfe8cd9-ce94-4aed-9a82-e052b54018c6", "isDeleted:":"true", "version":"1695129978695"}}
{"logTime": "0922/060400", "correlationVector":"noVt6dNcf5wXRhx2kU8S8s.126","action":"GetUpdates", "result":"DeleteReceived", "context":{"id":"7d73380e-f1a4-4009-8e15-0c9f920b5453", "isDeleted:":"true", "version":"1695129979892"}}
{"logTime": "0922/060400", "correlationVector":"noVt6dNcf5wXRhx2kU8S8s.127","action":"GetUpdates", "result":"DeleteReceived", "context":{"id":"1d5fdb1b-2909-4fb4-9f56-184bb9f6807c", "isDeleted:":"true", "version":"1695129979894"}}
{"logTime": "0922/060400", "correlationVector":"noVt6dNcf5wXRhx2kU8S8s.128","action":"GetUpdates", "result":"DeleteReceived", "context":{"id":"70847fe9-8a1d-41eb-91a2-127ceaf7a020", "isDeleted:":"true", "version":"1695129979895"}}
{"logTime": "0922/060400", "correlationVector":"noVt6dNcf5wXRhx2kU8S8s.129","action":"GetUpdates", "result":"DeleteReceived", "context":{"id":"6388b16a-42e2-4cfb-8217-1640b59ae4a9", "isDeleted:":"true", "version":"1695132774018"}}
{"logTime": "0922/060400", "correlationVector":"noVt6dNcf5wXRhx2kU8S8s.130","action":"GetUpdates", "result":"DeleteReceived", "context":{"id":"6a216b5d-2e8e-4508-aa54-50c6abd888c4", "isDeleted:":"true", "version":"1695132914889"}}
{"logTime": "0922/060400", "correlationVector":"noVt6dNcf5wXRhx2kU8S8s.131","action":"GetUpdates", "result":"DeleteReceived", "context":{"id":"fd57cc0a-fbfb-4157-85b8-1b5fba694056", "isDeleted:":"true", "version":"1695132956037"}}
{"logTime": "0922/060400", "correlationVector":"noVt6dNcf5wXRhx2kU8S8s.132","action":"GetUpdates", "result":"DeleteReceived", "context":{"id":"b73d31df-7919-4b66-9ae2-ba0bdb5bcf90", "isDeleted:":"true", "version":"1695133145213"}}
{"logTime": "0922/060400", "correlationVector":"noVt6dNcf5wXRhx2kU8S8s.133","action":"GetUpdates", "result":"DeleteReceived", "context":{"id":"711c115b-1add-4400-b9e5-553d589010bb", "isDeleted:":"true", "version":"1695133516483"}}
{"logTime": "0922/060400", "correlationVector":"noVt6dNcf5wXRhx2kU8S8s.134","action":"GetUpdates", "result":"DeleteReceived", "context":{"id":"3580ab64-0209-49f0-8c15-59fe1cb6198d", "isDeleted:":"true", "version":"1695133576207"}}
{"logTime": "0922/060400", "correlationVector":"noVt6dNcf5wXRhx2kU8S8s.135","action":"GetUpdates", "result":"DeleteReceived", "context":{"id":"ce07d557-bf5c-4a0c-b143-abab36a6a32c", "isDeleted:":"true", "version":"1695133740156"}}
{"logTime": "0922/060400", "correlationVector":"noVt6dNcf5wXRhx2kU8S8s.136","action":"GetUpdates", "result":"DeleteReceived", "context":{"id":"6866e452-814c-4c69-ad19-3c9284f95410", "isDeleted:":"true", "version":"1695134325385"}}
{"logTime": "0922/060400", "correlationVector":"noVt6dNcf5wXRhx2kU8S8s.137","action":"GetUpdates", "result":"DeleteReceived", "context":{"id":"34a307cf-4339-4f48-a918-4d4d4db69e03", "isDeleted:":"true", "version":"1695134325387"}}
{"logTime": "0922/060400", "correlationVector":"noVt6dNcf5wXRhx2kU8S8s.138","action":"GetUpdates", "result":"DeleteReceived", "context":{"id":"0a00bbc4-8343-4931-a592-3d97e324770b", "isDeleted:":"true", "version":"1695134325390"}}
{"logTime": "0922/060400", "correlationVector":"noVt6dNcf5wXRhx2kU8S8s.139","action":"GetUpdates", "result":"DeleteReceived", "context":{"id":"638f92e6-bd8e-41e4-b27b-0e2c24f09ff7", "isDeleted:":"true", "version":"1695134401910"}}
{"logTime": "0922/060400", "correlationVector":"noVt6dNcf5wXRhx2kU8S8s.140","action":"GetUpdates", "result":"DeleteReceived", "context":{"id":"0e82b71c-619d-4a82-b18d-151f615c5975", "isDeleted:":"true", "version":"1695170344949"}}
{"logTime": "0922/060400", "correlationVector":"noVt6dNcf5wXRhx2kU8S8s.141","action":"GetUpdates", "result":"DeleteReceived", "context":{"id":"8dd08d38-ff6d-4bde-b99a-b68e51573cbd", "isDeleted:":"true", "version":"1695170344952"}}
{"logTime": "0922/060400", "correlationVector":"noVt6dNcf5wXRhx2kU8S8s.142","action":"GetUpdates", "result":"DeleteReceived", "context":{"id":"caee0e3d-455a-4084-9a6f-29903ad2c740", "isDeleted:":"true", "version":"1695170344954"}}
{"logTime": "0922/060400", "correlationVector":"noVt6dNcf5wXRhx2kU8S8s.143","action":"GetUpdates", "result":"DeleteReceived", "context":{"id":"f02c807a-0f4d-4367-bfc6-3c820347eb79", "isDeleted:":"true", "version":"1695170344955"}}
{"logTime": "0922/060400", "correlationVector":"noVt6dNcf5wXRhx2kU8S8s.144","action":"GetUpdates", "result":"DeleteReceived", "context":{"id":"c6d46c46-97ca-4887-9d3d-c9ca974c732c", "isDeleted:":"true", "version":"1695170344958"}}
{"logTime": "0922/060400", "correlationVector":"noVt6dNcf5wXRhx2kU8S8s.145","action":"GetUpdates", "result":"DeleteReceived", "context":{"id":"7e6d5e86-ad87-4963-b190-f5cd1c344ebb", "isDeleted:":"true", "version":"1695170344959"}}
{"logTime": "0922/060400", "correlationVector":"noVt6dNcf5wXRhx2kU8S8s.146","action":"GetUpdates", "result":"DeleteReceived", "context":{"id":"c85e53b7-8fd1-4fab-aff9-fba7185e8407", "isDeleted:":"true", "version":"1695170344961"}}
{"logTime": "0922/060400", "correlationVector":"noVt6dNcf5wXRhx2kU8S8s.147","action":"GetUpdates", "result":"DeleteReceived", "context":{"id":"d62e391c-6895-48aa-abe6-549a640cfb65", "isDeleted:":"true", "version":"1695170344962"}}
{"logTime": "0922/060400", "correlationVector":"noVt6dNcf5wXRhx2kU8S8s.148","action":"GetUpdates", "result":"DeleteReceived", "context":{"id":"14940b39-a5ea-450e-8e8e-52065c43c7d8", "isDeleted:":"true", "version":"1695170344966"}}
{"logTime": "0922/060400", "correlationVector":"noVt6dNcf5wXRhx2kU8S8s.149","action":"GetUpdates", "result":"DeleteReceived", "context":{"id":"ab052193-551e-4119-8f6c-e947838e5f1f", "isDeleted:":"true", "version":"1695170346529"}}
{"logTime": "0922/060400", "correlationVector":"noVt6dNcf5wXRhx2kU8S8s.150","action":"GetUpdates", "result":"DeleteReceived", "context":{"id":"a78a7295-eebf-40bd-9ef8-2e8bb756859c", "isDeleted:":"true", "version":"1695170346532"}}
{"logTime": "0922/060400", "correlationVector":"noVt6dNcf5wXRhx2kU8S8s.151","action":"GetUpdates", "result":"DeleteReceived", "context":{"id":"5b9f6216-2101-4445-8ca8-703bd8dd0c88", "isDeleted:":"true", "version":"1695170346533"}}
{"logTime": "0922/060400", "correlationVector":"noVt6dNcf5wXRhx2kU8S8s.152","action":"GetUpdates", "result":"DeleteReceived", "context":{"id":"9326cc6e-b13f-48e8-af1b-6f687002c191", "isDeleted:":"true", "version":"1695170346534"}}
{"logTime": "0922/060400", "correlationVector":"noVt6dNcf5wXRhx2kU8S8s.153","action":"GetUpdates", "result":"DeleteReceived", "context":{"id":"878af218-47d2-41dc-b40c-e028d42b63d2", "isDeleted:":"true", "version":"1695170346535"}}
{"logTime": "0922/060400", "correlationVector":"noVt6dNcf5wXRhx2kU8S8s.154","action":"GetUpdates", "result":"DeleteReceived", "context":{"id":"ff4e51ae-cf84-4a6e-9868-3eb0d0493947", "isDeleted:":"true", "version":"1695171829421"}}
{"logTime": "0922/060400", "correlationVector":"noVt6dNcf5wXRhx2kU8S8s.155","action":"GetUpdates", "result":"DeleteReceived", "context":{"id":"64b06b82-2a62-49dd-bed2-cef0fc5ba268", "isDeleted:":"true", "version":"1695171893099"}}
{"logTime": "0922/060400", "correlationVector":"noVt6dNcf5wXRhx2kU8S8s.156","action":"GetUpdates", "result":"DeleteReceived", "context":{"id":"6fc4e29f-4f29-435c-96e5-243eb9d37e64", "isDeleted:":"true", "version":"1695171978666"}}
{"logTime": "0922/060400", "correlationVector":"noVt6dNcf5wXRhx2kU8S8s.157","action":"GetUpdates", "result":"DeleteReceived", "context":{"id":"eff9fb7a-46ff-483d-ab58-af6095c91afa", "isDeleted:":"true", "version":"1695171978668"}}
{"logTime": "0922/060400", "correlationVector":"noVt6dNcf5wXRhx2kU8S8s.158","action":"GetUpdates", "result":"DeleteReceived", "context":{"id":"7e471dda-2709-4fc4-b469-a2fb90d6e17b", "isDeleted:":"true", "version":"1695171988422"}}
{"logTime": "0922/060400", "correlationVector":"noVt6dNcf5wXRhx2kU8S8s.159","action":"GetUpdates", "result":"DeleteReceived", "context":{"id":"99a89183-8feb-477c-a90e-0d3a613e72ef", "isDeleted:":"true", "version":"1695172023451"}}
{"logTime": "0922/060400", "correlationVector":"noVt6dNcf5wXRhx2kU8S8s.160","action":"GetUpdates", "result":"DeleteReceived", "context":{"id":"2ff365e0-7b3e-40b9-a278-8b643a6497ce", "isDeleted:":"true", "version":"1695173486850"}}
{"logTime": "0922/060400", "correlationVector":"noVt6dNcf5wXRhx2kU8S8s.161","action":"GetUpdates", "result":"DeleteReceived", "context":{"id":"1b24dfe4-7b1e-4660-b4aa-d0c5f220da4f", "isDeleted:":"true", "version":"1695173531205"}}
{"logTime": "0922/060400", "correlationVector":"noVt6dNcf5wXRhx2kU8S8s.162","action":"GetUpdates", "result":"DeleteReceived", "context":{"id":"0c859998-6e1e-4144-8bf5-3f4c38456e7b", "isDeleted:":"true", "version":"1695173531207"}}
{"logTime": "0922/060400", "correlationVector":"noVt6dNcf5wXRhx2kU8S8s.163","action":"GetUpdates", "result":"DeleteReceived", "context":{"id":"d101c83e-9144-4011-b84e-ee7c8f3232c7", "isDeleted:":"true", "version":"1695173531212"}}
{"logTime": "0922/060400", "correlationVector":"noVt6dNcf5wXRhx2kU8S8s.164","action":"GetUpdates", "result":"DeleteReceived", "context":{"id":"be1ecc9a-8b41-4b4d-9682-ca9fe4c0b14b", "isDeleted:":"true", "version":"1695173531213"}}
{"logTime": "0922/060400", "correlationVector":"noVt6dNcf5wXRhx2kU8S8s.165","action":"GetUpdates", "result":"DeleteReceived", "context":{"id":"6d459c81-b36b-4018-ae55-8c4a0bfaa6af", "isDeleted:":"true", "version":"1695173531216"}}
{"logTime": "0922/060400", "correlationVector":"noVt6dNcf5wXRhx2kU8S8s.166","action":"GetUpdates", "result":"DeleteReceived", "context":{"id":"589c0b41-de5d-4841-ac63-f49bc0ce96fb", "isDeleted:":"true", "version":"1695173531218"}}
{"logTime": "0922/060400", "correlationVector":"noVt6dNcf5wXRhx2kU8S8s.167","action":"GetUpdates", "result":"DeleteReceived", "context":{"id":"762451a3-efe0-4467-a7f5-51ac46059010", "isDeleted:":"true", "version":"1695173531219"}}
{"logTime": "0922/060400", "correlationVector":"noVt6dNcf5wXRhx2kU8S8s.168","action":"GetUpdates", "result":"DeleteReceived", "context":{"id":"647c6d2f-f5d6-4f18-8aba-d2c455834df4", "isDeleted:":"true", "version":"1695173631655"}}
{"logTime": "0922/060400", "correlationVector":"noVt6dNcf5wXRhx2kU8S8s.169","action":"GetUpdates", "result":"DeleteReceived", "context":{"id":"f11e5814-9d97-4433-ab56-ed87efc8b91c", "isDeleted:":"true", "version":"1695175331980"}}
{"logTime": "0922/060400", "correlationVector":"noVt6dNcf5wXRhx2kU8S8s.170","action":"GetUpdates", "result":"DeleteReceived", "context":{"id":"b7d0e934-6d4c-452b-928d-d9787f1baf72", "isDeleted:":"true", "version":"1695175407276"}}
{"logTime": "0922/060400", "correlationVector":"noVt6dNcf5wXRhx2kU8S8s.171","action":"GetUpdates", "result":"DeleteReceived", "context":{"id":"0f57a337-8835-43fe-b35c-7728818182cb", "isDeleted:":"true", "version":"1695175846559"}}
{"logTime": "0922/060400", "correlationVector":"noVt6dNcf5wXRhx2kU8S8s.172","action":"GetUpdates", "result":"DeleteReceived", "context":{"id":"4101a5de-9266-422a-8c36-5f621703cf2a", "isDeleted:":"true", "version":"1695176388436"}}
{"logTime": "0922/060400", "correlationVector":"noVt6dNcf5wXRhx2kU8S8s.173","action":"GetUpdates", "result":"DeleteReceived", "context":{"id":"ebcb7a6f-e155-447a-8fbc-9a7af3f05aa2", "isDeleted:":"true", "version":"1695176388438"}}
{"logTime": "0922/060400", "correlationVector":"noVt6dNcf5wXRhx2kU8S8s.174","action":"GetUpdates", "result":"DeleteReceived", "context":{"id":"8e3e9c4b-d54c-4b68-b3e2-0bb16d92d052", "isDeleted:":"true", "version":"1695176499172"}}
{"logTime": "0922/060400", "correlationVector":"noVt6dNcf5wXRhx2kU8S8s.175","action":"GetUpdates", "result":"DeleteReceived", "context":{"id":"c323fa1d-96bb-4c61-8016-83653d9f0faf", "isDeleted:":"true", "version":"1695176499174"}}
{"logTime": "0922/060400", "correlationVector":"noVt6dNcf5wXRhx2kU8S8s.176","action":"GetUpdates", "result":"DeleteReceived", "context":{"id":"4a37f723-d65e-42fc-ba75-446c62416c47", "isDeleted:":"true", "version":"1695176990719"}}
{"logTime": "0922/060400", "correlationVector":"noVt6dNcf5wXRhx2kU8S8s.177","action":"GetUpdates", "result":"DeleteReceived", "context":{"id":"5ae00614-ead5-46da-a7f4-4eea58e7b1b5", "isDeleted:":"true", "version":"1695176990721"}}
{"logTime": "0922/060400", "correlationVector":"noVt6dNcf5wXRhx2kU8S8s.178","action":"GetUpdates", "result":"DeleteReceived", "context":{"id":"98d198e8-03d8-4271-9049-6dfb74040a63", "isDeleted:":"true", "version":"1695177368865"}}
{"logTime": "0922/060400", "correlationVector":"noVt6dNcf5wXRhx2kU8S8s.179","action":"GetUpdates", "result":"DeleteReceived", "context":{"id":"909d4108-0346-4be8-844e-039c2ea93051", "isDeleted:":"true", "version":"1695177368866"}}
{"logTime": "0922/060400", "correlationVector":"noVt6dNcf5wXRhx2kU8S8s.180","action":"GetUpdates", "result":"DeleteReceived", "context":{"id":"1974ce5a-385e-4924-8a23-64c9da1c5d7d", "isDeleted:":"true", "version":"1695177368868"}}
{"logTime": "0922/060400", "correlationVector":"noVt6dNcf5wXRhx2kU8S8s.181","action":"GetUpdates", "result":"DeleteReceived", "context":{"id":"4dba8352-0380-4a6f-a269-35f6d91144a0", "isDeleted:":"true", "version":"1695177368869"}}
{"logTime": "0922/060400", "correlationVector":"noVt6dNcf5wXRhx2kU8S8s.182","action":"GetUpdates", "result":"DeleteReceived", "context":{"id":"962e30a8-fa70-4774-a116-782f9bf141c9", "isDeleted:":"true", "version":"1695178358223"}}
{"logTime": "0922/060400", "correlationVector":"noVt6dNcf5wXRhx2kU8S8s.183","action":"GetUpdates", "result":"DeleteReceived", "context":{"id":"e561fdd1-a0d4-435d-b659-7bd9c1c88ebb", "isDeleted:":"true", "version":"1695178737417"}}
{"logTime": "0922/060400", "correlationVector":"noVt6dNcf5wXRhx2kU8S8s.184","action":"GetUpdates", "result":"DeleteReceived", "context":{"id":"4ee5d190-36f2-4342-9da3-3aeb8953dfa0", "isDeleted:":"true", "version":"1695179223442"}}
{"logTime": "0922/060400", "correlationVector":"noVt6dNcf5wXRhx2kU8S8s.185","action":"GetUpdates", "result":"DeleteReceived", "context":{"id":"313641ab-26c5-4da0-851b-78281adfc04c", "isDeleted:":"true", "version":"1695179552607"}}
{"logTime": "0922/060400", "correlationVector":"noVt6dNcf5wXRhx2kU8S8s.186","action":"GetUpdates", "result":"DeleteReceived", "context":{"id":"dc394f45-b89c-4ed7-9492-5355fffee6a6", "isDeleted:":"true", "version":"1695179743044"}}
{"logTime": "0922/060400", "correlationVector":"noVt6dNcf5wXRhx2kU8S8s.187","action":"GetUpdates", "result":"DeleteReceived", "context":{"id":"ad778b76-6baa-4936-ae43-6786a46db24e", "isDeleted:":"true", "version":"1695179820665"}}
{"logTime": "0922/060400", "correlationVector":"noVt6dNcf5wXRhx2kU8S8s.188","action":"GetUpdates", "result":"DeleteReceived", "context":{"id":"e0d4f4dc-dd78-4085-9ac2-b4a6714164a4", "isDeleted:":"true", "version":"1695180115077"}}
{"logTime": "0922/060400", "correlationVector":"noVt6dNcf5wXRhx2kU8S8s.189","action":"GetUpdates", "result":"DeleteReceived", "context":{"id":"dfc11a18-6e53-43bc-b276-f59c1a5a44c3", "isDeleted:":"true", "version":"1695180241140"}}
{"logTime": "0922/060400", "correlationVector":"noVt6dNcf5wXRhx2kU8S8s.190","action":"GetUpdates", "result":"DeleteReceived", "context":{"id":"f9736251-730e-4187-8192-274e66597b8a", "isDeleted:":"true", "version":"1695180368968"}}
{"logTime": "0922/060400", "correlationVector":"noVt6dNcf5wXRhx2kU8S8s.191","action":"GetUpdates", "result":"DeleteReceived", "context":{"id":"c824536d-f00d-45ca-80df-402e8f4dd177", "isDeleted:":"true", "version":"1695180475509"}}
{"logTime": "0922/060400", "correlationVector":"noVt6dNcf5wXRhx2kU8S8s.192","action":"GetUpdates", "result":"DeleteReceived", "context":{"id":"87ec7fec-6b59-4544-9f76-d11ab56ea605", "isDeleted:":"true", "version":"1695181419418"}}
{"logTime": "0922/060400", "correlationVector":"noVt6dNcf5wXRhx2kU8S8s.193","action":"GetUpdates", "result":"DeleteReceived", "context":{"id":"686e9540-48ea-41b2-9e41-d0d44f5855ce", "isDeleted:":"true", "version":"1695181486986"}}
{"logTime": "0922/060400", "correlationVector":"noVt6dNcf5wXRhx2kU8S8s.194","action":"GetUpdates", "result":"DeleteReceived", "context":{"id":"03ee3c20-1cb2-48ab-bfd6-e9c317fc7d26", "isDeleted:":"true", "version":"1695181554911"}}
{"logTime": "0922/060400", "correlationVector":"noVt6dNcf5wXRhx2kU8S8s.195","action":"GetUpdates", "result":"DeleteReceived", "context":{"id":"905c27fb-8212-4be3-a5d8-e5469e8c4e5a", "isDeleted:":"true", "version":"1695181716481"}}
{"logTime": "0922/060400", "correlationVector":"noVt6dNcf5wXRhx2kU8S8s.196","action":"GetUpdates", "result":"DeleteReceived", "context":{"id":"cd9f46e8-d289-45b8-831f-7f31e0204f33", "isDeleted:":"true", "version":"1695181906968"}}
{"logTime": "0922/060400", "correlationVector":"noVt6dNcf5wXRhx2kU8S8s.197","action":"GetUpdates", "result":"DeleteReceived", "context":{"id":"bc9df052-5f16-4aaa-a0d4-5065fcaf7428", "isDeleted:":"true", "version":"1695181906969"}}
{"logTime": "0922/060400", "correlationVector":"noVt6dNcf5wXRhx2kU8S8s.198","action":"GetUpdates", "result":"DeleteReceived", "context":{"id":"4b4b1ba7-6d8a-4ca7-b4f2-77aaf56b28d5", "isDeleted:":"true", "version":"1695182322789"}}
{"logTime": "0922/060400", "correlationVector":"noVt6dNcf5wXRhx2kU8S8s.199","action":"GetUpdates", "result":"DeleteReceived", "context":{"id":"8d09cf7a-9338-4532-bd1f-46bbe1b2453b", "isDeleted:":"true", "version":"1695182391742"}}
{"logTime": "0922/060400", "correlationVector":"noVt6dNcf5wXRhx2kU8S8s.200","action":"GetUpdates", "result":"DeleteReceived", "context":{"id":"13723a27-e1a2-455f-9ad6-952d08593a33", "isDeleted:":"true", "version":"1695182464767"}}
{"logTime": "0922/060400", "correlationVector":"noVt6dNcf5wXRhx2kU8S8s.201","action":"GetUpdates", "result":"DeleteReceived", "context":{"id":"4c174d12-ec13-42cf-b006-eeeedbde5022", "isDeleted:":"true", "version":"1695182464768"}}
{"logTime": "0922/060400", "correlationVector":"noVt6dNcf5wXRhx2kU8S8s.202","action":"GetUpdates", "result":"DeleteReceived", "context":{"id":"3876bb73-ecdf-41c5-b590-d32a2dd36fcc", "isDeleted:":"true", "version":"1695182524822"}}
{"logTime": "0922/060400", "correlationVector":"noVt6dNcf5wXRhx2kU8S8s.203","action":"GetUpdates", "result":"DeleteReceived", "context":{"id":"1df5b289-a979-4b05-aaa3-c7ba9961bb5b", "isDeleted:":"true", "version":"1695182524824"}}
{"logTime": "0922/060400", "correlationVector":"noVt6dNcf5wXRhx2kU8S8s.204","action":"GetUpdates", "result":"DeleteReceived", "context":{"id":"091e997e-c2f0-4995-b42c-b171244dae79", "isDeleted:":"true", "version":"1695183756265"}}
{"logTime": "0922/060400", "correlationVector":"noVt6dNcf5wXRhx2kU8S8s.205","action":"GetUpdates", "result":"DeleteReceived", "context":{"id":"ac55fd4d-f446-41b0-9303-3572f1f21bcf", "isDeleted:":"true", "version":"1695184055083"}}
{"logTime": "0922/060400", "correlationVector":"noVt6dNcf5wXRhx2kU8S8s.206","action":"GetUpdates", "result":"DeleteReceived", "context":{"id":"013a68b4-b693-44b8-a605-0e5ab2e1988d", "isDeleted:":"true", "version":"1695184055084"}}
{"logTime": "0922/060400", "correlationVector":"noVt6dNcf5wXRhx2kU8S8s.207","action":"GetUpdates", "result":"DeleteReceived", "context":{"id":"56cabdb3-43b5-45df-a9f8-e2abbcde0d00", "isDeleted:":"true", "version":"1695184055085"}}
{"logTime": "0922/060400", "correlationVector":"noVt6dNcf5wXRhx2kU8S8s.208","action":"GetUpdates", "result":"DeleteReceived", "context":{"id":"ae070924-6e50-462b-9170-c6b9a9d0f361", "isDeleted:":"true", "version":"1695184387741"}}
{"logTime": "0922/060400", "correlationVector":"noVt6dNcf5wXRhx2kU8S8s.209","action":"GetUpdates", "result":"DeleteReceived", "context":{"id":"b39b3361-817d-4814-8517-b166ea31ad2d", "isDeleted:":"true", "version":"1695184451221"}}
{"logTime": "0922/060400", "correlationVector":"noVt6dNcf5wXRhx2kU8S8s.210","action":"GetUpdates", "result":"DeleteReceived", "context":{"id":"232a5272-e4ac-49ed-907f-e8558066d195", "isDeleted:":"true", "version":"1695184751148"}}
{"logTime": "0922/060400", "correlationVector":"noVt6dNcf5wXRhx2kU8S8s.211","action":"GetUpdates", "result":"DeleteReceived", "context":{"id":"758cab4e-bc80-419b-93ce-106f67f8ecc9", "isDeleted:":"true", "version":"1695184751150"}}
{"logTime": "0922/060400", "correlationVector":"noVt6dNcf5wXRhx2kU8S8s.212","action":"GetUpdates", "result":"DeleteReceived", "context":{"id":"6d442b46-013d-4014-9913-fc375b861299", "isDeleted:":"true", "version":"1695184782170"}}
{"logTime": "0922/060400", "correlationVector":"noVt6dNcf5wXRhx2kU8S8s.213","action":"GetUpdates", "result":"DeleteReceived", "context":{"id":"4f05a77e-a5b4-4a79-be2a-444a78bcecbb", "isDeleted:":"true", "version":"1695184782171"}}
{"logTime": "0922/060400", "correlationVector":"noVt6dNcf5wXRhx2kU8S8s.214","action":"GetUpdates", "result":"DeleteReceived", "context":{"id":"3f5aecc2-7db4-490f-a57c-d568870e502b", "isDeleted:":"true", "version":"1695195881797"}}
{"logTime": "0922/060400", "correlationVector":"noVt6dNcf5wXRhx2kU8S8s.215","action":"GetUpdates", "result":"DeleteReceived", "context":{"id":"181d1a2b-d6b1-42de-8cfb-9ad11301e5f7", "isDeleted:":"true", "version":"1695200604834"}}
{"logTime": "0922/060400", "correlationVector":"noVt6dNcf5wXRhx2kU8S8s.216","action":"GetUpdates", "result":"DeleteReceived", "context":{"id":"295f4006-2e5e-4ba5-98d1-e693394c091e", "isDeleted:":"true", "version":"1695212079468"}}
{"logTime": "0922/060400", "correlationVector":"noVt6dNcf5wXRhx2kU8S8s.217","action":"GetUpdates", "result":"DeleteReceived", "context":{"id":"2f35e867-b51f-459e-b29a-c7f342cc169c", "isDeleted:":"true", "version":"1695212079469"}}
{"logTime": "0922/060400", "correlationVector":"noVt6dNcf5wXRhx2kU8S8s.218","action":"GetUpdates", "result":"DeleteReceived", "context":{"id":"809dd381-2ac3-4bf9-892d-cbc9d3c2afdd", "isDeleted:":"true", "version":"1695212079470"}}
{"logTime": "0922/060400", "correlationVector":"noVt6dNcf5wXRhx2kU8S8s.219","action":"GetUpdates", "result":"DeleteReceived", "context":{"id":"a15c3775-522b-4808-b9fe-0e83fac355bc", "isDeleted:":"true", "version":"1695212079473"}}
{"logTime": "0922/060400", "correlationVector":"noVt6dNcf5wXRhx2kU8S8s.220","action":"GetUpdates", "result":"DeleteReceived", "context":{"id":"1bb1cb5f-7ced-439e-8259-8af09e177599", "isDeleted:":"true", "version":"1695212079476"}}
{"logTime": "0922/060400", "correlationVector":"noVt6dNcf5wXRhx2kU8S8s.221","action":"GetUpdates", "result":"DeleteReceived", "context":{"id":"6a8eb2e6-7f7b-48c1-a78a-5c52603ee6d3", "isDeleted:":"true", "version":"1695212079479"}}
{"logTime": "0922/060400", "correlationVector":"noVt6dNcf5wXRhx2kU8S8s.222","action":"GetUpdates", "result":"DeleteReceived", "context":{"id":"634477b6-0145-48ac-9d6f-a61e08b7ee87", "isDeleted:":"true", "version":"1695212079480"}}
{"logTime": "0922/060400", "correlationVector":"noVt6dNcf5wXRhx2kU8S8s.223","action":"GetUpdates Response", "result":"SERVER_MORE_TO_DOWNLOAD", "context":Received 249 update(s).  Some updates remain.}
{"logTime": "0922/060400", "correlationVector":"hFXuMVHlEW+zjaZlB55ua4","action":"Normal GetUpdate request", "result":"", "context":cV=hFXuMVHlEW+zjaZlB55ua4
Nudged types: Sessions, Device Info, User Consents
Refresh requested types: Bookmarks, Preferences, Passwords, Autofill Profiles, Autofill, Autofill Custom Data, Typed URLs, Extensions, Sessions, Extension settings, History Delete Directives, Device Info, User Consents, Send Tab To Self, Web Apps, Collection, Edge E Drop, Edge Hub App Usage, Edge Wallet, Encryption Keys}
{"logTime": "0922/060400", "correlationVector":"hFXuMVHlEW+zjaZlB55ua4.1","action":"SyncServerConnectionManagerRequest", "result":"SYNC_SERVER_OK", "context":{"environment":"Prod_SoutheastAsia_000j", "migrationStage":"NotStarted", "server":"GENERAL0100000X"}}
{"logTime": "0922/060400", "correlationVector":"hFXuMVHlEW+zjaZlB55ua4.2","action":"GetUpdates", "result":"DeleteReceived", "context":{"id":"fae34675-b2c0-49ff-9ab6-97b9b698eeb6", "isDeleted:":"true", "version":"1695212079482"}}
{"logTime": "0922/060401", "correlationVector":"hFXuMVHlEW+zjaZlB55ua4.3","action":"GetUpdates", "result":"DeleteReceived", "context":{"id":"77278fe3-dea2-451f-aa91-4c4bee711004", "isDeleted:":"true", "version":"1695212079483"}}
{"logTime": "0922/060401", "correlationVector":"hFXuMVHlEW+zjaZlB55ua4.4","action":"GetUpdates", "result":"DeleteReceived", "context":{"id":"6910cc47-7efb-4ca1-98eb-d04ac1e85b14", "isDeleted:":"true", "version":"1695212079487"}}
{"logTime": "0922/060401", "correlationVector":"hFXuMVHlEW+zjaZlB55ua4.5","action":"GetUpdates", "result":"DeleteReceived", "context":{"id":"a92ded57-74b8-4ba7-94a1-06b6d11c275b", "isDeleted:":"true", "version":"1695212080595"}}
{"logTime": "0922/060401", "correlationVector":"hFXuMVHlEW+zjaZlB55ua4.6","action":"GetUpdates", "result":"DeleteReceived", "context":{"id":"f037196e-5aaf-4e60-bbf4-279b7bb9294c", "isDeleted:":"true", "version":"1695212080599"}}
{"logTime": "0922/060401", "correlationVector":"hFXuMVHlEW+zjaZlB55ua4.7","action":"GetUpdates", "result":"DeleteReceived", "context":{"id":"7a37857f-02a0-4932-abfc-e93850df7262", "isDeleted:":"true", "version":"1695212080600"}}
{"logTime": "0922/060401", "correlationVector":"hFXuMVHlEW+zjaZlB55ua4.8","action":"GetUpdates", "result":"DeleteReceived", "context":{"id":"252fd05b-5ef6-4625-bfff-5cea815781d0", "isDeleted:":"true", "version":"1695212080601"}}
{"logTime": "0922/060401", "correlationVector":"hFXuMVHlEW+zjaZlB55ua4.9","action":"GetUpdates", "result":"DeleteReceived", "context":{"id":"063140d0-d111-431d-91bb-b301470f3b10", "isDeleted:":"true", "version":"1695212424339"}}
{"logTime": "0922/060401", "correlationVector":"hFXuMVHlEW+zjaZlB55ua4.10","action":"GetUpdates", "result":"DeleteReceived", "context":{"id":"68a6a1c1-6e45-4920-b224-fceb71595adc", "isDeleted:":"true", "version":"1695212424341"}}
{"logTime": "0922/060401", "correlationVector":"hFXuMVHlEW+zjaZlB55ua4.11","action":"GetUpdates", "result":"DeleteReceived", "context":{"id":"2a25d514-bdb6-427c-bce5-ad34accc0cdf", "isDeleted:":"true", "version":"1695214796293"}}
{"logTime": "0922/060401", "correlationVector":"hFXuMVHlEW+zjaZlB55ua4.12","action":"GetUpdates", "result":"DeleteReceived", "context":{"id":"88af8f23-90a4-42da-b3e1-61363e77c915", "isDeleted:":"true", "version":"1695215119565"}}
{"logTime": "0922/060401", "correlationVector":"hFXuMVHlEW+zjaZlB55ua4.13","action":"GetUpdates", "result":"DeleteReceived", "context":{"id":"8339a17e-bf06-4141-959d-8ec0ad6c8199", "isDeleted:":"true", "version":"1695215156436"}}
{"logTime": "0922/060401", "correlationVector":"hFXuMVHlEW+zjaZlB55ua4.14","action":"GetUpdates", "result":"DeleteReceived", "context":{"id":"fbcf32fc-77f9-4354-a61d-08b321c3ae01", "isDeleted:":"true", "version":"1695215156437"}}
{"logTime": "0922/060401", "correlationVector":"hFXuMVHlEW+zjaZlB55ua4.15","action":"GetUpdates", "result":"DeleteReceived", "context":{"id":"12b8a21f-f84a-4c01-9a77-39d4401102e8", "isDeleted:":"true", "version":"1695215156439"}}
{"logTime": "0922/060401", "correlationVector":"hFXuMVHlEW+zjaZlB55ua4.16","action":"GetUpdates", "result":"DeleteReceived", "context":{"id":"9e9d65ee-066e-4c97-b759-5815c0998fff", "isDeleted:":"true", "version":"1695215362068"}}
{"logTime": "0922/060401", "correlationVector":"hFXuMVHlEW+zjaZlB55ua4.17","action":"GetUpdates", "result":"DeleteReceived", "context":{"id":"19c489aa-bd07-40f9-84d2-f5bd783f6cc2", "isDeleted:":"true", "version":"1695215646584"}}
{"logTime": "0922/060401", "correlationVector":"hFXuMVHlEW+zjaZlB55ua4.18","action":"GetUpdates", "result":"DeleteReceived", "context":{"id":"daf01c32-4316-431a-ab3a-3a742bcf9cc3", "isDeleted:":"true", "version":"1695215646589"}}
{"logTime": "0922/060401", "correlationVector":"hFXuMVHlEW+zjaZlB55ua4.19","action":"GetUpdates", "result":"DeleteReceived", "context":{"id":"7c2e4a9f-51d0-4f0c-a5a2-b195d601b13b", "isDeleted:":"true", "version":"1695216853095"}}
{"logTime": "0922/060401", "correlationVector":"hFXuMVHlEW+zjaZlB55ua4.20","action":"GetUpdates", "result":"DeleteReceived", "context":{"id":"6796c8a4-47e0-4f5f-83b7-2c0abbf1f9c8", "isDeleted:":"true", "version":"1695216853096"}}
{"logTime": "0922/060401", "correlationVector":"hFXuMVHlEW+zjaZlB55ua4.21","action":"GetUpdates", "result":"DeleteReceived", "context":{"id":"27e10555-5f60-4e84-ad48-b866d51da380", "isDeleted:":"true", "version":"1695216853097"}}
{"logTime": "0922/060401", "correlationVector":"hFXuMVHlEW+zjaZlB55ua4.22","action":"GetUpdates", "result":"DeleteReceived", "context":{"id":"4c5ef045-152c-4107-9b28-93150149630c", "isDeleted:":"true", "version":"1695216853099"}}
{"logTime": "0922/060401", "correlationVector":"hFXuMVHlEW+zjaZlB55ua4.23","action":"GetUpdates", "result":"DeleteReceived", "context":{"id":"7a2ea0a9-d19b-4caf-bc10-79c383dfe1fc", "isDeleted:":"true", "version":"1695216853101"}}
{"logTime": "0922/060401", "correlationVector":"hFXuMVHlEW+zjaZlB55ua4.24","action":"GetUpdates", "result":"DeleteReceived", "context":{"id":"84cdbfe8-f3ae-4ac0-9050-54b39d7c084d", "isDeleted:":"true", "version":"1695257240385"}}
{"logTime": "0922/060401", "correlationVector":"hFXuMVHlEW+zjaZlB55ua4.25","action":"GetUpdates", "result":"DeleteReceived", "context":{"id":"7777812e-b375-42a6-89ba-973aa14e90aa", "isDeleted:":"true", "version":"1695267255937"}}
{"logTime": "0922/060401", "correlationVector":"hFXuMVHlEW+zjaZlB55ua4.26","action":"GetUpdates", "result":"DeleteReceived", "context":{"id":"4be67e77-eb9d-4a55-880b-5c0659724661", "isDeleted:":"true", "version":"1695267255939"}}
{"logTime": "0922/060401", "correlationVector":"hFXuMVHlEW+zjaZlB55ua4.27","action":"GetUpdates", "result":"DeleteReceived", "context":{"id":"fae41ceb-8669-42b2-9e15-2dc2a86c0a21", "isDeleted:":"true", "version":"1695267255940"}}
{"logTime": "0922/060401", "correlationVector":"hFXuMVHlEW+zjaZlB55ua4.28","action":"GetUpdates", "result":"DeleteReceived", "context":{"id":"ac29ab8d-8952-463a-b157-fd439c55b3b2", "isDeleted:":"true", "version":"1695267255942"}}
{"logTime": "0922/060401", "correlationVector":"hFXuMVHlEW+zjaZlB55ua4.29","action":"GetUpdates", "result":"DeleteReceived", "context":{"id":"1ec6300e-be04-42f3-bb46-134aa16ccf3b", "isDeleted:":"true", "version":"1695267255943"}}
{"logTime": "0922/060401", "correlationVector":"hFXuMVHlEW+zjaZlB55ua4.30","action":"GetUpdates", "result":"DeleteReceived", "context":{"id":"bbbc5c0e-0b0c-418b-b16e-771a4850da88", "isDeleted:":"true", "version":"1695267255946"}}
{"logTime": "0922/060401", "correlationVector":"hFXuMVHlEW+zjaZlB55ua4.31","action":"GetUpdates", "result":"DeleteReceived", "context":{"id":"8056fe71-13ef-4684-a256-d473f83fb025", "isDeleted:":"true", "version":"1695267255949"}}
{"logTime": "0922/060401", "correlationVector":"hFXuMVHlEW+zjaZlB55ua4.32","action":"GetUpdates", "result":"DeleteReceived", "context":{"id":"de34fd5d-807e-4937-93c0-a9fe0cb31485", "isDeleted:":"true", "version":"1695267255950"}}
{"logTime": "0922/060401", "correlationVector":"hFXuMVHlEW+zjaZlB55ua4.33","action":"GetUpdates", "result":"DeleteReceived", "context":{"id":"2bd9e188-71ab-4bc3-a340-4e6dde384597", "isDeleted:":"true", "version":"1695267255951"}}
{"logTime": "0922/060401", "correlationVector":"hFXuMVHlEW+zjaZlB55ua4.34","action":"GetUpdates", "result":"DeleteReceived", "context":{"id":"066bcf42-c616-48ed-8606-8ece879d7c82", "isDeleted:":"true", "version":"1695267255954"}}
{"logTime": "0922/060401", "correlationVector":"hFXuMVHlEW+zjaZlB55ua4.35","action":"GetUpdates", "result":"DeleteReceived", "context":{"id":"11c19707-223c-416f-a582-2f9dce13f09a", "isDeleted:":"true", "version":"1695267257127"}}
{"logTime": "0922/060401", "correlationVector":"hFXuMVHlEW+zjaZlB55ua4.36","action":"GetUpdates", "result":"DeleteReceived", "context":{"id":"24b3e638-4cfc-42cc-ab4a-da440c4b2829", "isDeleted:":"true", "version":"1695267257128"}}
{"logTime": "0922/060401", "correlationVector":"hFXuMVHlEW+zjaZlB55ua4.37","action":"GetUpdates", "result":"DeleteReceived", "context":{"id":"65590df9-e7a3-4395-9da5-6b5ccbc5c986", "isDeleted:":"true", "version":"1695267257129"}}
{"logTime": "0922/060401", "correlationVector":"hFXuMVHlEW+zjaZlB55ua4.38","action":"GetUpdates", "result":"DeleteReceived", "context":{"id":"d7bd7321-b24b-40ef-89b4-7d2c142572ba", "isDeleted:":"true", "version":"1695268830068"}}
{"logTime": "0922/060401", "correlationVector":"hFXuMVHlEW+zjaZlB55ua4.39","action":"GetUpdates", "result":"DeleteReceived", "context":{"id":"916ee499-9e80-4616-85b1-3bdd046299f6", "isDeleted:":"true", "version":"1695295749935"}}
{"logTime": "0922/060401", "correlationVector":"hFXuMVHlEW+zjaZlB55ua4.40","action":"GetUpdates", "result":"DeleteReceived", "context":{"id":"3f9f4326-f9b4-4260-ab65-c157122f0167", "isDeleted:":"true", "version":"1695295749936"}}
{"logTime": "0922/060401", "correlationVector":"hFXuMVHlEW+zjaZlB55ua4.41","action":"GetUpdates", "result":"DeleteReceived", "context":{"id":"a1a5d77a-d64a-48ea-bf6b-7f64734154ed", "isDeleted:":"true", "version":"1695295749937"}}
{"logTime": "0922/060401", "correlationVector":"hFXuMVHlEW+zjaZlB55ua4.42","action":"GetUpdates", "result":"DeleteReceived", "context":{"id":"21fad74d-91c3-4333-9799-03d3d804629f", "isDeleted:":"true", "version":"1695295749939"}}
{"logTime": "0922/060401", "correlationVector":"hFXuMVHlEW+zjaZlB55ua4.43","action":"GetUpdates", "result":"DeleteReceived", "context":{"id":"c49b9a62-a47e-4e4b-a347-c2b8b69cfe06", "isDeleted:":"true", "version":"1695295749941"}}
{"logTime": "0922/060401", "correlationVector":"hFXuMVHlEW+zjaZlB55ua4.44","action":"GetUpdates", "result":"DeleteReceived", "context":{"id":"1208f372-63fb-473b-9b77-293c26adb38b", "isDeleted:":"true", "version":"1695295749944"}}
{"logTime": "0922/060401", "correlationVector":"hFXuMVHlEW+zjaZlB55ua4.45","action":"GetUpdates", "result":"DeleteReceived", "context":{"id":"90f8af65-a35e-469c-8180-6f0d60a7bdfe", "isDeleted:":"true", "version":"1695295749945"}}
{"logTime": "0922/060401", "correlationVector":"hFXuMVHlEW+zjaZlB55ua4.46","action":"GetUpdates", "result":"DeleteReceived", "context":{"id":"5ce73585-e97f-4893-a1da-a4a3ba6932b0", "isDeleted:":"true", "version":"1695295749947"}}
{"logTime": "0922/060401", "correlationVector":"hFXuMVHlEW+zjaZlB55ua4.47","action":"GetUpdates", "result":"DeleteReceived", "context":{"id":"79acac52-1839-4b5f-808e-03a21b61ac58", "isDeleted:":"true", "version":"1695295749948"}}
{"logTime": "0922/060401", "correlationVector":"hFXuMVHlEW+zjaZlB55ua4.48","action":"GetUpdates", "result":"DeleteReceived", "context":{"id":"8f0b3a66-9009-41ba-ad66-3b121fd5437c", "isDeleted:":"true", "version":"1695295749952"}}
{"logTime": "0922/060401", "correlationVector":"hFXuMVHlEW+zjaZlB55ua4.49","action":"GetUpdates", "result":"DeleteReceived", "context":{"id":"fa3e5907-7183-4279-8a79-14c95ce7186c", "isDeleted:":"true", "version":"1695295750997"}}
{"logTime": "0922/060401", "correlationVector":"hFXuMVHlEW+zjaZlB55ua4.50","action":"GetUpdates", "result":"DeleteReceived", "context":{"id":"4ac0e3d6-1029-4f4e-b2ff-2f92776314b9", "isDeleted:":"true", "version":"1695295750998"}}
{"logTime": "0922/060401", "correlationVector":"hFXuMVHlEW+zjaZlB55ua4.51","action":"GetUpdates", "result":"DeleteReceived", "context":{"id":"8910d7ed-c0ed-40ed-a6fa-46e6e55fb14f", "isDeleted:":"true", "version":"1695295750999"}}
{"logTime": "0922/060401", "correlationVector":"hFXuMVHlEW+zjaZlB55ua4.52","action":"GetUpdates", "result":"DeleteReceived", "context":{"id":"d5d0354e-58b5-4de1-9c58-697cdb40e084", "isDeleted:":"true", "version":"1695300526283"}}
{"logTime": "0922/060401", "correlationVector":"hFXuMVHlEW+zjaZlB55ua4.53","action":"GetUpdates", "result":"DeleteReceived", "context":{"id":"c7a4022c-177f-4661-a8b4-b360a52a20bb", "isDeleted:":"true", "version":"1695300701661"}}
{"logTime": "0922/060401", "correlationVector":"hFXuMVHlEW+zjaZlB55ua4.54","action":"GetUpdates", "result":"DeleteReceived", "context":{"id":"7ffdfa59-663a-408e-941c-a0b2e15e9db0", "isDeleted:":"true", "version":"1695300701662"}}
{"logTime": "0922/060401", "correlationVector":"hFXuMVHlEW+zjaZlB55ua4.55","action":"GetUpdates", "result":"DeleteReceived", "context":{"id":"3f29ca21-a7d9-4dae-9d0f-7d660e4fb6ed", "isDeleted:":"true", "version":"1695300701664"}}
{"logTime": "0922/060401", "correlationVector":"hFXuMVHlEW+zjaZlB55ua4.56","action":"GetUpdates", "result":"DeleteReceived", "context":{"id":"b3b8a12d-27cc-43d4-a476-5995dc249c31", "isDeleted:":"true", "version":"1695300816996"}}
{"logTime": "0922/060401", "correlationVector":"hFXuMVHlEW+zjaZlB55ua4.57","action":"GetUpdates", "result":"DeleteReceived", "context":{"id":"555f3b91-4d53-4076-8b12-ce0ae52e21c6", "isDeleted:":"true", "version":"1695347756807"}}
{"logTime": "0922/060401", "correlationVector":"hFXuMVHlEW+zjaZlB55ua4.58","action":"GetUpdates", "result":"DeleteReceived", "context":{"id":"983e1b11-5928-4333-9484-efab88eb1d5b", "isDeleted:":"true", "version":"1695347756809"}}
{"logTime": "0922/060401", "correlationVector":"hFXuMVHlEW+zjaZlB55ua4.59","action":"GetUpdates", "result":"DeleteReceived", "context":{"id":"980970d2-2a5f-411a-adbb-9da695ca2541", "isDeleted:":"true", "version":"1695347756812"}}
{"logTime": "0922/060401", "correlationVector":"hFXuMVHlEW+zjaZlB55ua4.60","action":"GetUpdates", "result":"DeleteReceived", "context":{"id":"aba6dcf9-28d8-4278-8d1f-98268e39fc89", "isDeleted:":"true", "version":"1695347756813"}}
{"logTime": "0922/060401", "correlationVector":"hFXuMVHlEW+zjaZlB55ua4.61","action":"GetUpdates", "result":"DeleteReceived", "context":{"id":"c87ea048-2afb-43a2-a0d0-8afdb95c90be", "isDeleted:":"true", "version":"1695347756815"}}
{"logTime": "0922/060401", "correlationVector":"hFXuMVHlEW+zjaZlB55ua4.62","action":"GetUpdates", "result":"DeleteReceived", "context":{"id":"fad50c48-cd62-4c0b-b4ae-f92a12c12d35", "isDeleted:":"true", "version":"1695347756816"}}
{"logTime": "0922/060401", "correlationVector":"hFXuMVHlEW+zjaZlB55ua4.63","action":"GetUpdates", "result":"DeleteReceived", "context":{"id":"01702bdc-a32e-418a-9d4b-0d6e4e8cc30c", "isDeleted:":"true", "version":"1695347756819"}}
{"logTime": "0922/060401", "correlationVector":"hFXuMVHlEW+zjaZlB55ua4.64","action":"GetUpdates", "result":"DeleteReceived", "context":{"id":"50be6072-bc06-4a3d-a426-6ed55f872994", "isDeleted:":"true", "version":"1695347756820"}}
{"logTime": "0922/060401", "correlationVector":"hFXuMVHlEW+zjaZlB55ua4.65","action":"GetUpdates", "result":"DeleteReceived", "context":{"id":"a7a6b965-c210-4be7-a2e3-71d2865cd8d7", "isDeleted:":"true", "version":"1695347756821"}}
{"logTime": "0922/060401", "correlationVector":"hFXuMVHlEW+zjaZlB55ua4.66","action":"GetUpdates", "result":"DeleteReceived", "context":{"id":"184b7a3b-60a0-4ed4-9ec5-1ae14330226c", "isDeleted:":"true", "version":"1695347758223"}}
{"logTime": "0922/060401", "correlationVector":"hFXuMVHlEW+zjaZlB55ua4.67","action":"GetUpdates", "result":"DeleteReceived", "context":{"id":"9a7b3759-0d33-4377-a3c5-1a79cca56ecb", "isDeleted:":"true", "version":"1695347758224"}}
{"logTime": "0922/060401", "correlationVector":"hFXuMVHlEW+zjaZlB55ua4.68","action":"GetUpdates", "result":"DeleteReceived", "context":{"id":"27884c00-5392-47bf-9244-f3e1853f4c2c", "isDeleted:":"true", "version":"1695347758225"}}
{"logTime": "0922/060401", "correlationVector":"hFXuMVHlEW+zjaZlB55ua4.69","action":"GetUpdates", "result":"DeleteReceived", "context":{"id":"a670e870-6acb-4e33-9031-bbca8d72a749", "isDeleted:":"true", "version":"1695347758226"}}
{"logTime": "0922/060401", "correlationVector":"hFXuMVHlEW+zjaZlB55ua4.70","action":"GetUpdates", "result":"DeleteReceived", "context":{"id":"c9cf7725-f2b0-4bc3-921c-3fcdcbfe3e10", "isDeleted:":"true", "version":"1695347758227"}}
{"logTime": "0922/060401", "correlationVector":"hFXuMVHlEW+zjaZlB55ua4.71","action":"GetUpdates", "result":"DeleteReceived", "context":{"id":"8d5de257-f3aa-4fc1-9f60-bfb7cb058535", "isDeleted:":"true", "version":"1695347789538"}}
{"logTime": "0922/060401", "correlationVector":"hFXuMVHlEW+zjaZlB55ua4.72","action":"GetUpdates", "result":"DeleteReceived", "context":{"id":"bc7b7b69-18bf-48e3-a7f9-1e0ea455bfb7", "isDeleted:":"true", "version":"1695347827918"}}
{"logTime": "0922/060401", "correlationVector":"hFXuMVHlEW+zjaZlB55ua4.73","action":"GetUpdates", "result":"DeleteReceived", "context":{"id":"5098fad2-3b2d-471d-bd15-a4ff27df7705", "isDeleted:":"true", "version":"1695347857104"}}
{"logTime": "0922/060401", "correlationVector":"hFXuMVHlEW+zjaZlB55ua4.74","action":"GetUpdates", "result":"DeleteReceived", "context":{"id":"b46e44e1-c459-4efe-8411-28a6760fb9f2", "isDeleted:":"true", "version":"1695359795479"}}
{"logTime": "0922/060401", "correlationVector":"hFXuMVHlEW+zjaZlB55ua4.75","action":"GetUpdates Response", "result":"SYNCER_OK", "context":Received 100 update(s). cV=hFXuMVHlEW+zjaZlB55ua4.0;server=GENERAL0100000X;cloudType=Consumer;environment=Prod_SoutheastAsia_000j;migrationStage=NotStarted}
{"logTime": "0922/060401", "correlationVector":"MBb9rICEWiyZnj/5q8Febq","action":"Commit Request", "result":"", "context":Item count: 1
Contributing types: Device Info}
{"logTime": "0922/060401", "correlationVector":"MBb9rICEWiyZnj/5q8Febq.1","action":"SyncServerConnectionManagerRequest", "result":"SYNC_SERVER_OK", "context":{"environment":"Prod_SoutheastAsia_000j", "migrationStage":"NotStarted", "server":"GENERAL0100001K"}}
{"logTime": "0922/060401", "correlationVector":"MBb9rICEWiyZnj/5q8Febq.2","action":"Commit Response", "result":"SYNCER_OK", "context":Result: SYNCER_OK. cV=MBb9rICEWiyZnj/5q8Febq.0;server=GENERAL0100001K;cloudType=Consumer;environment=Prod_SoutheastAsia_000j;migrationStage=NotStarted}
{"logTime": "0922/060401", "correlationVector":"zkpG1hBYBqd4TGAH0LWqpZ","action":"Commit Request", "result":"", "context":Item count: 5
Contributing types: Autofill, Sessions, User Consents}
{"logTime": "0922/060401", "correlationVector":"zkpG1hBYBqd4TGAH0LWqpZ.1","action":"SyncServerConnectionManagerRequest", "result":"SYNC_SERVER_OK", "context":{"environment":"Prod_SoutheastAsia_000j", "migrationStage":"NotStarted", "server":"GENERAL0100000W"}}
{"logTime": "0922/060401", "correlationVector":"zkpG1hBYBqd4TGAH0LWqpZ.3","action":"Commit.Sessions", "result":"Success", "context":{"id":"f7a57b14-fb9e-4eed-9282-de30bcb4a9d3", "isDeleted":"true", "size":"0", "version":"1695025558370"}}
{"logTime": "0922/060401", "correlationVector":"zkpG1hBYBqd4TGAH0LWqpZ.2","action":"Commit Response", "result":"SYNCER_OK", "context":Result: SYNCER_OK. cV=zkpG1hBYBqd4TGAH0LWqpZ.0;server=GENERAL0100000W;cloudType=Consumer;environment=Prod_SoutheastAsia_000j;migrationStage=NotStarted}
{"logTime": "0922/060401", "correlationVector":"tYJpWPPRS1XzQGKprBJQ4F","action":"Poll GetUpdate request", "result":"", "context":cV=tYJpWPPRS1XzQGKprBJQ4F}
{"logTime": "0922/060401", "correlationVector":"tYJpWPPRS1XzQGKprBJQ4F.1","action":"SyncServerConnectionManagerRequest", "result":"SYNC_SERVER_OK", "context":{"environment":"Prod_SoutheastAsia_000j", "migrationStage":"NotStarted", "server":"GENERAL01000012"}}
{"logTime": "0922/060401", "correlationVector":"tYJpWPPRS1XzQGKprBJQ4F.2","action":"GetUpdates", "result":"DeleteReceived", "context":{"id":"f7a57b14-fb9e-4eed-9282-de30bcb4a9d3", "isDeleted:":"true", "version":"1695362635782"}}
{"logTime": "0922/060401", "correlationVector":"tYJpWPPRS1XzQGKprBJQ4F.3","action":"GetUpdates Response", "result":"SYNCER_OK", "context":Received 5 update(s). cV=tYJpWPPRS1XzQGKprBJQ4F.0;server=GENERAL01000012;cloudType=Consumer;environment=Prod_SoutheastAsia_000j;migrationStage=NotStarted}
{"logTime": "0922/060401", "correlationVector":"tCFXZU6ACWarMl1sGXlrWt","action":"Normal GetUpdate request", "result":"", "context":cV=tCFXZU6ACWarMl1sGXlrWt
Nudged types: Autofill, Sessions, Device Info
Refresh requested types: Bookmarks, Preferences, Passwords, Autofill Profiles, Autofill, Autofill Custom Data, Typed URLs, Extensions, Sessions, Extension settings, History Delete Directives, Device Info, User Consents, Send Tab To Self, Web Apps, Collection, Edge E Drop, Edge Hub App Usage, Edge Wallet, Encryption Keys}
{"logTime": "0922/060401", "correlationVector":"tCFXZU6ACWarMl1sGXlrWt.1","action":"SyncServerConnectionManagerRequest", "result":"SYNC_SERVER_OK", "context":{"environment":"Prod_SoutheastAsia_000j", "migrationStage":"NotStarted", "server":"GENERAL0100000U"}}
{"logTime": "0922/060401", "correlationVector":"tCFXZU6ACWarMl1sGXlrWt.2","action":"GetUpdates Response", "result":"SYNCER_OK", "context":Received 0 update(s). cV=tCFXZU6ACWarMl1sGXlrWt.0;server=GENERAL0100000U;cloudType=Consumer;environment=Prod_SoutheastAsia_000j;migrationStage=NotStarted}
{"logTime": "0922/060402", "correlationVector":"pYacWhtO79KA0faW/pCGJ6","action":"Normal GetUpdate request", "result":"", "context":cV=pYacWhtO79KA0faW/pCGJ6
Notified types: Autofill}
{"logTime": "0922/060403", "correlationVector":"pYacWhtO79KA0faW/pCGJ6.1","action":"SyncServerConnectionManagerRequest", "result":"SYNC_SERVER_OK", "context":{"environment":"Prod_SoutheastAsia_000j", "migrationStage":"NotStarted", "server":"GENERAL0100000X"}}
{"logTime": "0922/060404", "correlationVector":"pYacWhtO79KA0faW/pCGJ6.2","action":"GetUpdates Response", "result":"SYNCER_OK", "context":Received 1 update(s). cV=pYacWhtO79KA0faW/pCGJ6.0;server=GENERAL0100000X;cloudType=Consumer;environment=Prod_SoutheastAsia_000j;migrationStage=NotStarted}
{"logTime": "0922/060440", "correlationVector":"1E7MtHTtyg9hi314zDcRZi","action":"Commit Request", "result":"", "context":Item count: 1
Contributing types: Sessions}
{"logTime": "0922/060440", "correlationVector":"1E7MtHTtyg9hi314zDcRZi.1","action":"SyncServerConnectionManagerRequest", "result":"SYNC_SERVER_OK", "context":{"environment":"Prod_SoutheastAsia_000j", "migrationStage":"NotStarted", "server":"GENERAL01000004"}}
{"logTime": "0922/060440", "correlationVector":"1E7MtHTtyg9hi314zDcRZi.2","action":"Commit Response", "result":"SYNCER_OK", "context":Result: SYNCER_OK. cV=1E7MtHTtyg9hi314zDcRZi.0;server=GENERAL01000004;cloudType=Consumer;environment=Prod_SoutheastAsia_000j;migrationStage=NotStarted}
{"logTime": "0922/060510", "correlationVector":"jm9tftVGespLtTF9SNhpMw","action":"Commit Request", "result":"", "context":Item count: 1
Contributing types: Sessions}
{"logTime": "0922/060517", "correlationVector":"jm9tftVGespLtTF9SNhpMw.1","action":"SyncServerConnectionManagerRequest", "result":"SYNC_SERVER_OK", "context":{"environment":"Prod_SoutheastAsia_000j", "migrationStage":"NotStarted", "server":"GENERAL01000005"}}
{"logTime": "0922/060517", "correlationVector":"jm9tftVGespLtTF9SNhpMw.2","action":"Commit Response", "result":"SYNCER_OK", "context":Result: SYNCER_OK. cV=jm9tftVGespLtTF9SNhpMw.0;server=GENERAL01000005;cloudType=Consumer;environment=Prod_SoutheastAsia_000j;migrationStage=NotStarted}
{"logTime": "0922/060549", "correlationVector":"qNeqLsFC2dx+qWop+SARVo","action":"Commit Request", "result":"", "context":Item count: 1
Contributing types: Sessions}
{"logTime": "0922/060550", "correlationVector":"qNeqLsFC2dx+qWop+SARVo.1","action":"SyncServerConnectionManagerRequest", "result":"SYNC_SERVER_OK", "context":{"environment":"Prod_SoutheastAsia_000j", "migrationStage":"NotStarted", "server":"GENERAL0100000P"}}
{"logTime": "0922/060550", "correlationVector":"qNeqLsFC2dx+qWop+SARVo.2","action":"Commit Response", "result":"SYNCER_OK", "context":Result: SYNCER_OK. cV=qNeqLsFC2dx+qWop+SARVo.0;server=GENERAL0100000P;cloudType=Consumer;environment=Prod_SoutheastAsia_000j;migrationStage=NotStarted}
{"logTime": "0922/060622", "correlationVector":"U/Hh9UvOJGvER57RHP1uBr","action":"Commit Request", "result":"", "context":Item count: 1
Contributing types: Sessions}
{"logTime": "0922/060622", "correlationVector":"U/Hh9UvOJGvER57RHP1uBr.1","action":"SyncServerConnectionManagerRequest", "result":"SYNC_SERVER_OK", "context":{"environment":"Prod_SoutheastAsia_000j", "migrationStage":"NotStarted", "server":"GENERAL0100000Z"}}
{"logTime": "0922/060622", "correlationVector":"U/Hh9UvOJGvER57RHP1uBr.2","action":"Commit Response", "result":"SYNCER_OK", "context":Result: SYNCER_OK. cV=U/Hh9UvOJGvER57RHP1uBr.0;server=GENERAL0100000Z;cloudType=Consumer;environment=Prod_SoutheastAsia_000j;migrationStage=NotStarted}
{"logTime": "0922/060706", "correlationVector":"/mcCN2z6tVfLWokYr0tMxz","action":"Commit Request", "result":"", "context":Item count: 1
Contributing types: Sessions}
{"logTime": "0922/060706", "correlationVector":"/mcCN2z6tVfLWokYr0tMxz.1","action":"SyncServerConnectionManagerRequest", "result":"SYNC_SERVER_OK", "context":{"environment":"Prod_SoutheastAsia_000j", "migrationStage":"NotStarted", "server":"GENERAL01000000"}}
{"logTime": "0922/060706", "correlationVector":"/mcCN2z6tVfLWokYr0tMxz.2","action":"Commit Response", "result":"SYNCER_OK", "context":Result: SYNCER_OK. cV=/mcCN2z6tVfLWokYr0tMxz.0;server=GENERAL01000000;cloudType=Consumer;environment=Prod_SoutheastAsia_000j;migrationStage=NotStarted}
{"logTime": "0922/061353", "correlationVector":"8Ysbyg5GXMCxlAQX7LVFsN","action":"Commit Request", "result":"", "context":Item count: 1
Contributing types: Sessions}
{"logTime": "0922/061354", "correlationVector":"8Ysbyg5GXMCxlAQX7LVFsN.1","action":"SyncServerConnectionManagerRequest", "result":"SYNC_SERVER_OK", "context":{"environment":"Prod_EastAsia_000d", "migrationStage":"NotStarted", "server":"GENERAL0100000J"}}
{"logTime": "0922/061354", "correlationVector":"8Ysbyg5GXMCxlAQX7LVFsN.2","action":"Commit Response", "result":"SYNCER_OK", "context":Result: SYNCER_OK. cV=8Ysbyg5GXMCxlAQX7LVFsN.0;server=GENERAL0100000J;cloudType=Consumer;environment=Prod_EastAsia_000d;migrationStage=NotStarted}
{"logTime": "0922/061600", "correlationVector":"5trv96n8svPG6/wuAb5Iho","action":"Commit Request", "result":"", "context":Item count: 1
Contributing types: Sessions}
{"logTime": "0922/061600", "correlationVector":"5trv96n8svPG6/wuAb5Iho.1","action":"SyncServerConnectionManagerRequest", "result":"SYNC_SERVER_OK", "context":{"environment":"Prod_EastAsia_000d", "migrationStage":"NotStarted", "server":"GENERAL01000025"}}
{"logTime": "0922/061600", "correlationVector":"5trv96n8svPG6/wuAb5Iho.2","action":"Commit Response", "result":"SYNCER_OK", "context":Result: SYNCER_OK. cV=5trv96n8svPG6/wuAb5Iho.0;server=GENERAL01000025;cloudType=Consumer;environment=Prod_EastAsia_000d;migrationStage=NotStarted}
{"logTime": "0922/061649", "correlationVector":"TQfNSI9SxjVfheDAYR2ypA","action":"Commit Request", "result":"", "context":Item count: 1
Contributing types: Sessions}
{"logTime": "0922/061650", "correlationVector":"TQfNSI9SxjVfheDAYR2ypA.1","action":"SyncServerConnectionManagerRequest", "result":"SYNC_SERVER_OK", "context":{"environment":"Prod_EastAsia_000d", "migrationStage":"NotStarted", "server":"GENERAL0100002B"}}
{"logTime": "0922/061650", "correlationVector":"TQfNSI9SxjVfheDAYR2ypA.2","action":"Commit Response", "result":"SYNCER_OK", "context":Result: SYNCER_OK. cV=TQfNSI9SxjVfheDAYR2ypA.0;server=GENERAL0100002B;cloudType=Consumer;environment=Prod_EastAsia_000d;migrationStage=NotStarted}
